<?xml version="1.0" encoding="UTF-8"?>
<testsuite xmlns:xsi="http://www.w3.org/2001/XMLSchema-instance" xsi:noNamespaceSchemaLocation="https://maven.apache.org/surefire/maven-surefire-plugin/xsd/surefire-test-report.xsd" name="br.com.unb.PistarModelFactoryApplicationTests" time="7.651" tests="6" errors="0" skipped="0" failures="5">
  <properties>
[...]
</properties>
  <testcase name="executePistarFactoryMutroseNotSendConfigurationFile" classname="br.com.unb.PistarModelFactoryApplicationTests" time="2.002">
    <failure message="expected: &lt;null&gt; but was: &lt;{actions=[{name=clean-room, capabilities=cleaning}, {name=clean-rooms-check, capabilities=}, {name=move-furniture, capabilities=moveobject}, {name=open-door, capabilities=door-opening}, {name=sanitize-robot, capabilities=sanitize}], tasks={t0={id=AT1_1|1, name=RoomCleaning, arguments={?r=CleanerRobot, ?rm=room}, arguments_values={?r=, ?rm=RoomA}, locations=RoomA, robots_num={fixed=True, num=1}, preconditions=[{predicate=RoomA.door_open, vars=RoomA, var_types=room}, {predicate=not RoomA.is_clean, vars=RoomA, var_types=room}], effects=[{predicate=RoomA.is_clean, vars=RoomA, var_types=room}, {predicate=not ?r.is_sanitized, vars=?r, var_types=robot}], triggering_events=[assertion trigger &quot;E1&quot;], decomposition={a0={name=clean-room, arguments=?r ?rm}}, group=True, divisible=True}, t1={id=AT1_1|2, name=RoomCleaning, arguments={?r=CleanerRobot, ?rm=room}, arguments_values={?r=, ?rm=RoomA}, locations=RoomA, robots_num={fixed=True, num=1}, preconditions=[{predicate=not RoomA.door_open, vars=RoomA, var_types=room}, {predicate=not RoomA.door_open, vars=RoomA, var_types=room}, {predicate=not RoomA.is_clean, vars=RoomA, var_types=room}], effects=[{predicate=RoomA.door_open, vars=RoomA, var_types=room}, {predicate=RoomA.is_clean, vars=RoomA, var_types=room}, {predicate=not ?r.is_sanitized, vars=?r, var_types=robot}], triggering_events=[assertion trigger &quot;E1&quot;], decomposition={a0={name=open-door, arguments=?r ?rm}, a1={name=clean-room, arguments=?r ?rm}}, group=True, divisible=True}, t2={id=AT2_1|1, name=RobotSanitization, arguments={?r=CleanerRobot, ?srm=room}, arguments_values={?r=, ?srm=SanitizationRoom}, locations=SanitizationRoom, robots_num={fixed=True, num=1}, preconditions=[{predicate=not ?r.is_sanitized, vars=?r, var_types=robot}], effects=[{predicate=?r.is_sanitized, vars=?r, var_types=robot}], triggering_events=[assertion trigger &quot;E1&quot;], decomposition={a0={name=sanitize-robot, arguments=?r ?srm}}, group=True, divisible=True}, t3={id=AT3_1|1, name=FurnitureMoving, arguments={?rt=robotteam, ?rm=room}, arguments_values={?rt=, ?rm=RoomA}, locations=RoomA, robots_num={fixed=False, min=2, max=4}, preconditions=, effects=[{predicate=RoomA.is_prepared, vars=RoomA, var_types=room}], triggering_events=, decomposition={a0={name=move-furniture, arguments=?rt ?rm}}, group=True, divisible=True}, t4={id=AT1_2|1, name=RoomCleaning, arguments={?r=CleanerRobot, ?rm=room}, arguments_values={?r=, ?rm=RoomB}, locations=RoomB, robots_num={fixed=True, num=1}, preconditions=[{predicate=RoomB.door_open, vars=RoomB, var_types=room}, {predicate=not RoomB.is_clean, vars=RoomB, var_types=room}], effects=[{predicate=RoomB.is_clean, vars=RoomB, var_types=room}, {predicate=not ?r.is_sanitized, vars=?r, var_types=robot}], triggering_events=[assertion trigger &quot;E1&quot;], decomposition={a0={name=clean-room, arguments=?r ?rm}}, group=True, divisible=True}, t5={id=AT1_2|2, name=RoomCleaning, arguments={?r=CleanerRobot, ?rm=room}, arguments_values={?r=, ?rm=RoomB}, locations=RoomB, robots_num={fixed=True, num=1}, preconditions=[{predicate=not RoomB.door_open, vars=RoomB, var_types=room}, {predicate=not RoomB.door_open, vars=RoomB, var_types=room}, {predicate=not RoomB.is_clean, vars=RoomB, var_types=room}], effects=[{predicate=RoomB.door_open, vars=RoomB, var_types=room}, {predicate=RoomB.is_clean, vars=RoomB, var_types=room}, {predicate=not ?r.is_sanitized, vars=?r, var_types=robot}], triggering_events=[assertion trigger &quot;E1&quot;], decomposition={a0={name=open-door, arguments=?r ?rm}, a1={name=clean-room, arguments=?r ?rm}}, group=True, divisible=True}, t6={id=AT2_2|1, name=RobotSanitization, arguments={?r=CleanerRobot, ?srm=room}, arguments_values={?r=, ?srm=SanitizationRoom}, locations=SanitizationRoom, robots_num={fixed=True, num=1}, preconditions=[{predicate=not ?r.is_sanitized, vars=?r, var_types=robot}], effects=[{predicate=?r.is_sanitized, vars=?r, var_types=robot}], triggering_events=[assertion trigger &quot;E1&quot;], decomposition={a0={name=sanitize-robot, arguments=?r ?srm}}, group=True, divisible=True}, t7={id=AT3_2|1, name=FurnitureMoving, arguments={?rt=robotteam, ?rm=room}, arguments_values={?rt=, ?rm=RoomB}, locations=RoomB, robots_num={fixed=False, min=2, max=4}, preconditions=, effects=[{predicate=RoomB.is_prepared, vars=RoomB, var_types=room}], triggering_events=, decomposition={a0={name=move-furniture, arguments=?rt ?rm}}, group=True, divisible=True}, t8={id=AT4_1|1, name=CheckCleanRooms, arguments={?r=robot, ?rms=rooms}, arguments_values={?r=, ?rms=[RoomA,RoomB]}, locations=[RoomA, RoomB], robots_num={fixed=True, num=1}, preconditions=[{predicate=RoomA.is_clean, vars=RoomA, var_types=room}, {predicate=RoomB.is_clean, vars=RoomB, var_types=room}], effects=, triggering_events=, decomposition={a0={name=clean-rooms-check, arguments=?r ?rms}}, group=True, divisible=True}}, constraints=[{type=SEQ, task_instances={t0=t7, t1=t8}}, {type=SEQ, task_instances={t0=t3, t1=t8}}, {type=SEQ, task_instances={t0=t6, t1=t8}}, {type=SEQ, task_instances={t0=t2, t1=t8}}, {type=SEQ, task_instances={t0=t0, t1=t3}}, {type=SEQ, task_instances={t0=t1, t1=t3}}, {type=SEQ, task_instances={t0=t0, t1=t2}}, {type=SEQ, task_instances={t0=t1, t1=t2}}, {type=SEQ, task_instances={t0=t4, t1=t7}}, {type=SEQ, task_instances={t0=t5, t1=t7}}, {type=SEQ, task_instances={t0=t4, t1=t6}}, {type=SEQ, task_instances={t0=t5, t1=t6}}, {type=EC, task_instances={t0=t0, t1=t2}, group=False, divisible=True}, {type=EC, task_instances={t0=t1, t1=t2}, group=False, divisible=True}, {type=EC, task_instances={t0=t4, t1=t6}, group=False, divisible=True}, {type=EC, task_instances={t0=t5, t1=t6}, group=False, divisible=True}], mission_decompositions=[[t1, t2, t3, t4, t6, t7, t8]]}&gt;" type="org.opentest4j.AssertionFailedError"><![CDATA[org.opentest4j.AssertionFailedError: expected: <null> but was: <{actions=[{name=clean-room, capabilities=cleaning}, {name=clean-rooms-check, capabilities=}, {name=move-furniture, capabilities=moveobject}, {name=open-door, capabilities=door-opening}, {name=sanitize-robot, capabilities=sanitize}], tasks={t0={id=AT1_1|1, name=RoomCleaning, arguments={?r=CleanerRobot, ?rm=room}, arguments_values={?r=, ?rm=RoomA}, locations=RoomA, robots_num={fixed=True, num=1}, preconditions=[{predicate=RoomA.door_open, vars=RoomA, var_types=room}, {predicate=not RoomA.is_clean, vars=RoomA, var_types=room}], effects=[{predicate=RoomA.is_clean, vars=RoomA, var_types=room}, {predicate=not ?r.is_sanitized, vars=?r, var_types=robot}], triggering_events=[assertion trigger "E1"], decomposition={a0={name=clean-room, arguments=?r ?rm}}, group=True, divisible=True}, t1={id=AT1_1|2, name=RoomCleaning, arguments={?r=CleanerRobot, ?rm=room}, arguments_values={?r=, ?rm=RoomA}, locations=RoomA, robots_num={fixed=True, num=1}, preconditions=[{predicate=not RoomA.door_open, vars=RoomA, var_types=room}, {predicate=not RoomA.door_open, vars=RoomA, var_types=room}, {predicate=not RoomA.is_clean, vars=RoomA, var_types=room}], effects=[{predicate=RoomA.door_open, vars=RoomA, var_types=room}, {predicate=RoomA.is_clean, vars=RoomA, var_types=room}, {predicate=not ?r.is_sanitized, vars=?r, var_types=robot}], triggering_events=[assertion trigger "E1"], decomposition={a0={name=open-door, arguments=?r ?rm}, a1={name=clean-room, arguments=?r ?rm}}, group=True, divisible=True}, t2={id=AT2_1|1, name=RobotSanitization, arguments={?r=CleanerRobot, ?srm=room}, arguments_values={?r=, ?srm=SanitizationRoom}, locations=SanitizationRoom, robots_num={fixed=True, num=1}, preconditions=[{predicate=not ?r.is_sanitized, vars=?r, var_types=robot}], effects=[{predicate=?r.is_sanitized, vars=?r, var_types=robot}], triggering_events=[assertion trigger "E1"], decomposition={a0={name=sanitize-robot, arguments=?r ?srm}}, group=True, divisible=True}, t3={id=AT3_1|1, name=FurnitureMoving, arguments={?rt=robotteam, ?rm=room}, arguments_values={?rt=, ?rm=RoomA}, locations=RoomA, robots_num={fixed=False, min=2, max=4}, preconditions=, effects=[{predicate=RoomA.is_prepared, vars=RoomA, var_types=room}], triggering_events=, decomposition={a0={name=move-furniture, arguments=?rt ?rm}}, group=True, divisible=True}, t4={id=AT1_2|1, name=RoomCleaning, arguments={?r=CleanerRobot, ?rm=room}, arguments_values={?r=, ?rm=RoomB}, locations=RoomB, robots_num={fixed=True, num=1}, preconditions=[{predicate=RoomB.door_open, vars=RoomB, var_types=room}, {predicate=not RoomB.is_clean, vars=RoomB, var_types=room}], effects=[{predicate=RoomB.is_clean, vars=RoomB, var_types=room}, {predicate=not ?r.is_sanitized, vars=?r, var_types=robot}], triggering_events=[assertion trigger "E1"], decomposition={a0={name=clean-room, arguments=?r ?rm}}, group=True, divisible=True}, t5={id=AT1_2|2, name=RoomCleaning, arguments={?r=CleanerRobot, ?rm=room}, arguments_values={?r=, ?rm=RoomB}, locations=RoomB, robots_num={fixed=True, num=1}, preconditions=[{predicate=not RoomB.door_open, vars=RoomB, var_types=room}, {predicate=not RoomB.door_open, vars=RoomB, var_types=room}, {predicate=not RoomB.is_clean, vars=RoomB, var_types=room}], effects=[{predicate=RoomB.door_open, vars=RoomB, var_types=room}, {predicate=RoomB.is_clean, vars=RoomB, var_types=room}, {predicate=not ?r.is_sanitized, vars=?r, var_types=robot}], triggering_events=[assertion trigger "E1"], decomposition={a0={name=open-door, arguments=?r ?rm}, a1={name=clean-room, arguments=?r ?rm}}, group=True, divisible=True}, t6={id=AT2_2|1, name=RobotSanitization, arguments={?r=CleanerRobot, ?srm=room}, arguments_values={?r=, ?srm=SanitizationRoom}, locations=SanitizationRoom, robots_num={fixed=True, num=1}, preconditions=[{predicate=not ?r.is_sanitized, vars=?r, var_types=robot}], effects=[{predicate=?r.is_sanitized, vars=?r, var_types=robot}], triggering_events=[assertion trigger "E1"], decomposition={a0={name=sanitize-robot, arguments=?r ?srm}}, group=True, divisible=True}, t7={id=AT3_2|1, name=FurnitureMoving, arguments={?rt=robotteam, ?rm=room}, arguments_values={?rt=, ?rm=RoomB}, locations=RoomB, robots_num={fixed=False, min=2, max=4}, preconditions=, effects=[{predicate=RoomB.is_prepared, vars=RoomB, var_types=room}], triggering_events=, decomposition={a0={name=move-furniture, arguments=?rt ?rm}}, group=True, divisible=True}, t8={id=AT4_1|1, name=CheckCleanRooms, arguments={?r=robot, ?rms=rooms}, arguments_values={?r=, ?rms=[RoomA,RoomB]}, locations=[RoomA, RoomB], robots_num={fixed=True, num=1}, preconditions=[{predicate=RoomA.is_clean, vars=RoomA, var_types=room}, {predicate=RoomB.is_clean, vars=RoomB, var_types=room}], effects=, triggering_events=, decomposition={a0={name=clean-rooms-check, arguments=?r ?rms}}, group=True, divisible=True}}, constraints=[{type=SEQ, task_instances={t0=t7, t1=t8}}, {type=SEQ, task_instances={t0=t3, t1=t8}}, {type=SEQ, task_instances={t0=t6, t1=t8}}, {type=SEQ, task_instances={t0=t2, t1=t8}}, {type=SEQ, task_instances={t0=t0, t1=t3}}, {type=SEQ, task_instances={t0=t1, t1=t3}}, {type=SEQ, task_instances={t0=t0, t1=t2}}, {type=SEQ, task_instances={t0=t1, t1=t2}}, {type=SEQ, task_instances={t0=t4, t1=t7}}, {type=SEQ, task_instances={t0=t5, t1=t7}}, {type=SEQ, task_instances={t0=t4, t1=t6}}, {type=SEQ, task_instances={t0=t5, t1=t6}}, {type=EC, task_instances={t0=t0, t1=t2}, group=False, divisible=True}, {type=EC, task_instances={t0=t1, t1=t2}, group=False, divisible=True}, {type=EC, task_instances={t0=t4, t1=t6}, group=False, divisible=True}, {type=EC, task_instances={t0=t5, t1=t6}, group=False, divisible=True}], mission_decompositions=[[t1, t2, t3, t4, t6, t7, t8]]}>
	at br.com.unb.PistarModelFactoryApplicationTests.executePistarFactoryMutroseNotSendConfigurationFile(PistarModelFactoryApplicationTests.java:43)
]]></failure>
    <system-out><![CDATA[21:26:56.286 [main] DEBUG org.springframework.test.context.BootstrapUtils - Instantiating CacheAwareContextLoaderDelegate from class [org.springframework.test.context.cache.DefaultCacheAwareContextLoaderDelegate]
21:26:56.294 [main] DEBUG org.springframework.test.context.BootstrapUtils - Instantiating BootstrapContext using constructor [public org.springframework.test.context.support.DefaultBootstrapContext(java.lang.Class,org.springframework.test.context.CacheAwareContextLoaderDelegate)]
21:26:56.324 [main] DEBUG org.springframework.test.context.BootstrapUtils - Instantiating TestContextBootstrapper for test class [br.com.unb.PistarModelFactoryApplicationTests] from class [org.springframework.boot.test.context.SpringBootTestContextBootstrapper]
21:26:56.337 [main] DEBUG org.springframework.test.context.support.AbstractContextLoader - Did not detect default resource location for test class [br.com.unb.comptest.BaseTest]: class path resource [br/com/unb/comptest/BaseTest-context.xml] does not exist
21:26:56.337 [main] DEBUG org.springframework.test.context.support.AbstractContextLoader - Did not detect default resource location for test class [br.com.unb.comptest.BaseTest]: class path resource [br/com/unb/comptest/BaseTestContext.groovy] does not exist
21:26:56.337 [main] INFO org.springframework.test.context.support.AbstractContextLoader - Could not detect default resource locations for test class [br.com.unb.comptest.BaseTest]: no resource found for suffixes {-context.xml, Context.groovy}.
21:26:56.371 [main] DEBUG org.springframework.test.context.support.ActiveProfilesUtils - Could not find an 'annotation declaring class' for annotation type [org.springframework.test.context.ActiveProfiles] and class [br.com.unb.PistarModelFactoryApplicationTests]
21:26:56.465 [main] DEBUG org.springframework.boot.test.context.SpringBootTestContextBootstrapper - @TestExecutionListeners is not present for class [br.com.unb.PistarModelFactoryApplicationTests]: using defaults.
21:26:56.466 [main] INFO org.springframework.boot.test.context.SpringBootTestContextBootstrapper - Loaded default TestExecutionListener class names from location [META-INF/spring.factories]: [org.springframework.boot.test.mock.mockito.MockitoTestExecutionListener, org.springframework.boot.test.mock.mockito.ResetMocksTestExecutionListener, org.springframework.boot.test.autoconfigure.restdocs.RestDocsTestExecutionListener, org.springframework.boot.test.autoconfigure.web.client.MockRestServiceServerResetTestExecutionListener, org.springframework.boot.test.autoconfigure.web.servlet.MockMvcPrintOnlyOnFailureTestExecutionListener, org.springframework.boot.test.autoconfigure.web.servlet.WebDriverTestExecutionListener, org.springframework.boot.test.autoconfigure.webservices.client.MockWebServiceServerTestExecutionListener, org.springframework.test.context.web.ServletTestExecutionListener, org.springframework.test.context.support.DirtiesContextBeforeModesTestExecutionListener, org.springframework.test.context.event.ApplicationEventsTestExecutionListener, org.springframework.test.context.support.DependencyInjectionTestExecutionListener, org.springframework.test.context.support.DirtiesContextTestExecutionListener, org.springframework.test.context.transaction.TransactionalTestExecutionListener, org.springframework.test.context.jdbc.SqlScriptsTestExecutionListener, org.springframework.test.context.event.EventPublishingTestExecutionListener]
21:26:56.476 [main] DEBUG org.springframework.boot.test.context.SpringBootTestContextBootstrapper - Skipping candidate TestExecutionListener [org.springframework.test.context.transaction.TransactionalTestExecutionListener] due to a missing dependency. Specify custom listener classes or make the default listener classes and their required dependencies available. Offending class: [org/springframework/transaction/interceptor/TransactionAttributeSource]
21:26:56.476 [main] DEBUG org.springframework.boot.test.context.SpringBootTestContextBootstrapper - Skipping candidate TestExecutionListener [org.springframework.test.context.jdbc.SqlScriptsTestExecutionListener] due to a missing dependency. Specify custom listener classes or make the default listener classes and their required dependencies available. Offending class: [org/springframework/transaction/interceptor/TransactionAttribute]
21:26:56.477 [main] INFO org.springframework.boot.test.context.SpringBootTestContextBootstrapper - Using TestExecutionListeners: [org.springframework.test.context.web.ServletTestExecutionListener@1acaf3d, org.springframework.test.context.support.DirtiesContextBeforeModesTestExecutionListener@6986852, org.springframework.test.context.event.ApplicationEventsTestExecutionListener@1bab8268, org.springframework.boot.test.mock.mockito.MockitoTestExecutionListener@a307a8c, org.springframework.boot.test.autoconfigure.SpringBootDependencyInjectionTestExecutionListener@6e01f9b0, org.springframework.test.context.support.DirtiesContextTestExecutionListener@2b9ed6da, org.springframework.test.context.event.EventPublishingTestExecutionListener@6c61a903, org.springframework.boot.test.mock.mockito.ResetMocksTestExecutionListener@658c5a19, org.springframework.boot.test.autoconfigure.restdocs.RestDocsTestExecutionListener@421e361, org.springframework.boot.test.autoconfigure.web.client.MockRestServiceServerResetTestExecutionListener@59d4cd39, org.springframework.boot.test.autoconfigure.web.servlet.MockMvcPrintOnlyOnFailureTestExecutionListener@389c4eb1, org.springframework.boot.test.autoconfigure.web.servlet.WebDriverTestExecutionListener@3fc79729, org.springframework.boot.test.autoconfigure.webservices.client.MockWebServiceServerTestExecutionListener@34f6515b]
21:26:56.480 [main] DEBUG org.springframework.test.context.support.AbstractDirtiesContextTestExecutionListener - Before test class: context [DefaultTestContext@7cb502c testClass = PistarModelFactoryApplicationTests, testInstance = [null], testMethod = [null], testException = [null], mergedContextConfiguration = [WebMergedContextConfiguration@275bf9b3 testClass = PistarModelFactoryApplicationTests, locations = '{}', classes = '{class br.com.unb.PistarModelFactoryApplication}', contextInitializerClasses = '[]', activeProfiles = '{}', propertySourceLocations = '{}', propertySourceProperties = '{org.springframework.boot.test.context.SpringBootTestContextBootstrapper=true, server.port=0}', contextCustomizers = set[org.springframework.boot.test.context.filter.ExcludeFilterContextCustomizer@5ace1ed4, org.springframework.boot.test.json.DuplicateJsonObjectContextCustomizerFactory$DuplicateJsonObjectContextCustomizer@4e096385, org.springframework.boot.test.mock.mockito.MockitoContextCustomizer@0, org.springframework.boot.test.web.client.TestRestTemplateContextCustomizer@932bc4a, org.springframework.boot.test.autoconfigure.actuate.metrics.MetricsExportContextCustomizerFactory$DisableMetricExportContextCustomizer@101952da, org.springframework.boot.test.autoconfigure.properties.PropertyMappingContextCustomizer@0, org.springframework.boot.test.autoconfigure.web.servlet.WebDriverContextCustomizerFactory$Customizer@78123e82, org.springframework.boot.test.context.SpringBootTestArgs@1, org.springframework.boot.test.context.SpringBootTestWebEnvironment@76b0bfab], resourceBasePath = 'src/main/webapp', contextLoader = 'org.springframework.boot.test.context.SpringBootContextLoader', parent = [null]], attributes = map['org.springframework.test.context.web.ServletTestExecutionListener.activateListener' -> false]], class annotated with @DirtiesContext [false] with mode [null].
21:26:56.610 [main] DEBUG org.springframework.test.context.support.DependencyInjectionTestExecutionListener - Performing dependency injection for test context [[DefaultTestContext@7cb502c testClass = PistarModelFactoryApplicationTests, testInstance = br.com.unb.PistarModelFactoryApplicationTests@77b14724, testMethod = [null], testException = [null], mergedContextConfiguration = [WebMergedContextConfiguration@275bf9b3 testClass = PistarModelFactoryApplicationTests, locations = '{}', classes = '{class br.com.unb.PistarModelFactoryApplication}', contextInitializerClasses = '[]', activeProfiles = '{}', propertySourceLocations = '{}', propertySourceProperties = '{org.springframework.boot.test.context.SpringBootTestContextBootstrapper=true, server.port=0}', contextCustomizers = set[org.springframework.boot.test.context.filter.ExcludeFilterContextCustomizer@5ace1ed4, org.springframework.boot.test.json.DuplicateJsonObjectContextCustomizerFactory$DuplicateJsonObjectContextCustomizer@4e096385, org.springframework.boot.test.mock.mockito.MockitoContextCustomizer@0, org.springframework.boot.test.web.client.TestRestTemplateContextCustomizer@932bc4a, org.springframework.boot.test.autoconfigure.actuate.metrics.MetricsExportContextCustomizerFactory$DisableMetricExportContextCustomizer@101952da, org.springframework.boot.test.autoconfigure.properties.PropertyMappingContextCustomizer@0, org.springframework.boot.test.autoconfigure.web.servlet.WebDriverContextCustomizerFactory$Customizer@78123e82, org.springframework.boot.test.context.SpringBootTestArgs@1, org.springframework.boot.test.context.SpringBootTestWebEnvironment@76b0bfab], resourceBasePath = 'src/main/webapp', contextLoader = 'org.springframework.boot.test.context.SpringBootContextLoader', parent = [null]], attributes = map['org.springframework.test.context.web.ServletTestExecutionListener.activateListener' -> false, 'org.springframework.test.context.event.ApplicationEventsTestExecutionListener.recordApplicationEvents' -> false]]].
21:26:56.651 [main] DEBUG org.springframework.boot.ApplicationServletEnvironment - Activating profiles []
21:26:56.652 [main] DEBUG org.springframework.test.context.support.TestPropertySourceUtils - Adding inlined properties to environment: {spring.jmx.enabled=false, org.springframework.boot.test.context.SpringBootTestContextBootstrapper=true, server.port=0}

  .   ____          _            __ _ _
 /\\ / ___'_ __ _ _(_)_ __  __ _ \ \ \ \
( ( )\___ | '_ | '_| | '_ \/ _` | \ \ \ \
 \\/  ___)| |_)| | | | | || (_| |  ) ) ) )
  '  |____| .__|_| |_|_| |_\__, | / / / /
 =========|_|==============|___/=/_/_/_/
 :: Spring Boot ::                (v2.6.2)

2022-05-01 21:26:56.895  INFO 29505 --- [           main] b.c.u.PistarModelFactoryApplicationTests : Starting PistarModelFactoryApplicationTests using Java 11.0.14.1 on ni-79354-0p with PID 29505 (started by pve_roliveira in /home/pve_roliveira/Documents/PistarModelFactory)
2022-05-01 21:26:56.896  INFO 29505 --- [           main] b.c.u.PistarModelFactoryApplicationTests : No active profile set, falling back to default profiles: default
2022-05-01 21:26:57.694  INFO 29505 --- [           main] o.s.b.w.embedded.tomcat.TomcatWebServer  : Tomcat initialized with port(s): 0 (http)
2022-05-01 21:26:57.703  INFO 29505 --- [           main] o.apache.catalina.core.StandardService   : Starting service [Tomcat]
2022-05-01 21:26:57.703  INFO 29505 --- [           main] org.apache.catalina.core.StandardEngine  : Starting Servlet engine: [Apache Tomcat/9.0.56]
2022-05-01 21:26:57.783  INFO 29505 --- [           main] o.a.c.c.C.[Tomcat].[localhost].[/]       : Initializing Spring embedded WebApplicationContext
2022-05-01 21:26:57.783  INFO 29505 --- [           main] w.s.c.ServletWebServerApplicationContext : Root WebApplicationContext: initialization completed in 864 ms
2022-05-01 21:26:58.082  INFO 29505 --- [           main] o.s.b.a.w.s.WelcomePageHandlerMapping    : Adding welcome page: ServletContext resource [/index.html]
2022-05-01 21:26:58.439  INFO 29505 --- [           main] o.s.b.w.embedded.tomcat.TomcatWebServer  : Tomcat started on port(s): 46057 (http) with context path ''
2022-05-01 21:26:58.449  INFO 29505 --- [           main] b.c.u.PistarModelFactoryApplicationTests : Started PistarModelFactoryApplicationTests in 1.796 seconds (JVM running for 2.783)
]]></system-out>
  </testcase>
  <testcase name="executePistarFactoryMutroseNotSendWorldKnowledgeFile" classname="br.com.unb.PistarModelFactoryApplicationTests" time="0.688">
    <failure message="expected: &lt;null&gt; but was: &lt;{actions=[{name=clean-room, capabilities=cleaning}, {name=clean-rooms-check, capabilities=}, {name=move-furniture, capabilities=moveobject}, {name=open-door, capabilities=door-opening}, {name=sanitize-robot, capabilities=sanitize}], tasks={t0={id=AT1_1|1, name=RoomCleaning, arguments={?r=CleanerRobot, ?rm=room}, arguments_values={?r=, ?rm=RoomA}, locations=RoomA, robots_num={fixed=True, num=1}, preconditions=[{predicate=RoomA.door_open, vars=RoomA, var_types=room}, {predicate=not RoomA.is_clean, vars=RoomA, var_types=room}], effects=[{predicate=RoomA.is_clean, vars=RoomA, var_types=room}, {predicate=not ?r.is_sanitized, vars=?r, var_types=robot}], triggering_events=[assertion trigger &quot;E1&quot;], decomposition={a0={name=clean-room, arguments=?r ?rm}}, group=True, divisible=True}, t1={id=AT1_1|2, name=RoomCleaning, arguments={?r=CleanerRobot, ?rm=room}, arguments_values={?r=, ?rm=RoomA}, locations=RoomA, robots_num={fixed=True, num=1}, preconditions=[{predicate=not RoomA.door_open, vars=RoomA, var_types=room}, {predicate=not RoomA.door_open, vars=RoomA, var_types=room}, {predicate=not RoomA.is_clean, vars=RoomA, var_types=room}], effects=[{predicate=RoomA.door_open, vars=RoomA, var_types=room}, {predicate=RoomA.is_clean, vars=RoomA, var_types=room}, {predicate=not ?r.is_sanitized, vars=?r, var_types=robot}], triggering_events=[assertion trigger &quot;E1&quot;], decomposition={a0={name=open-door, arguments=?r ?rm}, a1={name=clean-room, arguments=?r ?rm}}, group=True, divisible=True}, t2={id=AT2_1|1, name=RobotSanitization, arguments={?r=CleanerRobot, ?srm=room}, arguments_values={?r=, ?srm=SanitizationRoom}, locations=SanitizationRoom, robots_num={fixed=True, num=1}, preconditions=[{predicate=not ?r.is_sanitized, vars=?r, var_types=robot}], effects=[{predicate=?r.is_sanitized, vars=?r, var_types=robot}], triggering_events=[assertion trigger &quot;E1&quot;], decomposition={a0={name=sanitize-robot, arguments=?r ?srm}}, group=True, divisible=True}, t3={id=AT3_1|1, name=FurnitureMoving, arguments={?rt=robotteam, ?rm=room}, arguments_values={?rt=, ?rm=RoomA}, locations=RoomA, robots_num={fixed=False, min=2, max=4}, preconditions=, effects=[{predicate=RoomA.is_prepared, vars=RoomA, var_types=room}], triggering_events=, decomposition={a0={name=move-furniture, arguments=?rt ?rm}}, group=True, divisible=True}, t4={id=AT1_2|1, name=RoomCleaning, arguments={?r=CleanerRobot, ?rm=room}, arguments_values={?r=, ?rm=RoomB}, locations=RoomB, robots_num={fixed=True, num=1}, preconditions=[{predicate=RoomB.door_open, vars=RoomB, var_types=room}, {predicate=not RoomB.is_clean, vars=RoomB, var_types=room}], effects=[{predicate=RoomB.is_clean, vars=RoomB, var_types=room}, {predicate=not ?r.is_sanitized, vars=?r, var_types=robot}], triggering_events=[assertion trigger &quot;E1&quot;], decomposition={a0={name=clean-room, arguments=?r ?rm}}, group=True, divisible=True}, t5={id=AT1_2|2, name=RoomCleaning, arguments={?r=CleanerRobot, ?rm=room}, arguments_values={?r=, ?rm=RoomB}, locations=RoomB, robots_num={fixed=True, num=1}, preconditions=[{predicate=not RoomB.door_open, vars=RoomB, var_types=room}, {predicate=not RoomB.door_open, vars=RoomB, var_types=room}, {predicate=not RoomB.is_clean, vars=RoomB, var_types=room}], effects=[{predicate=RoomB.door_open, vars=RoomB, var_types=room}, {predicate=RoomB.is_clean, vars=RoomB, var_types=room}, {predicate=not ?r.is_sanitized, vars=?r, var_types=robot}], triggering_events=[assertion trigger &quot;E1&quot;], decomposition={a0={name=open-door, arguments=?r ?rm}, a1={name=clean-room, arguments=?r ?rm}}, group=True, divisible=True}, t6={id=AT2_2|1, name=RobotSanitization, arguments={?r=CleanerRobot, ?srm=room}, arguments_values={?r=, ?srm=SanitizationRoom}, locations=SanitizationRoom, robots_num={fixed=True, num=1}, preconditions=[{predicate=not ?r.is_sanitized, vars=?r, var_types=robot}], effects=[{predicate=?r.is_sanitized, vars=?r, var_types=robot}], triggering_events=[assertion trigger &quot;E1&quot;], decomposition={a0={name=sanitize-robot, arguments=?r ?srm}}, group=True, divisible=True}, t7={id=AT3_2|1, name=FurnitureMoving, arguments={?rt=robotteam, ?rm=room}, arguments_values={?rt=, ?rm=RoomB}, locations=RoomB, robots_num={fixed=False, min=2, max=4}, preconditions=, effects=[{predicate=RoomB.is_prepared, vars=RoomB, var_types=room}], triggering_events=, decomposition={a0={name=move-furniture, arguments=?rt ?rm}}, group=True, divisible=True}, t8={id=AT4_1|1, name=CheckCleanRooms, arguments={?r=robot, ?rms=rooms}, arguments_values={?r=, ?rms=[RoomA,RoomB]}, locations=[RoomA, RoomB], robots_num={fixed=True, num=1}, preconditions=[{predicate=RoomA.is_clean, vars=RoomA, var_types=room}, {predicate=RoomB.is_clean, vars=RoomB, var_types=room}], effects=, triggering_events=, decomposition={a0={name=clean-rooms-check, arguments=?r ?rms}}, group=True, divisible=True}}, constraints=[{type=SEQ, task_instances={t0=t7, t1=t8}}, {type=SEQ, task_instances={t0=t3, t1=t8}}, {type=SEQ, task_instances={t0=t6, t1=t8}}, {type=SEQ, task_instances={t0=t2, t1=t8}}, {type=SEQ, task_instances={t0=t0, t1=t3}}, {type=SEQ, task_instances={t0=t1, t1=t3}}, {type=SEQ, task_instances={t0=t0, t1=t2}}, {type=SEQ, task_instances={t0=t1, t1=t2}}, {type=SEQ, task_instances={t0=t4, t1=t7}}, {type=SEQ, task_instances={t0=t5, t1=t7}}, {type=SEQ, task_instances={t0=t4, t1=t6}}, {type=SEQ, task_instances={t0=t5, t1=t6}}, {type=EC, task_instances={t0=t0, t1=t2}, group=False, divisible=True}, {type=EC, task_instances={t0=t1, t1=t2}, group=False, divisible=True}, {type=EC, task_instances={t0=t4, t1=t6}, group=False, divisible=True}, {type=EC, task_instances={t0=t5, t1=t6}, group=False, divisible=True}], mission_decompositions=[[t1, t2, t3, t4, t6, t7, t8]]}&gt;" type="org.opentest4j.AssertionFailedError"><![CDATA[org.opentest4j.AssertionFailedError: expected: <null> but was: <{actions=[{name=clean-room, capabilities=cleaning}, {name=clean-rooms-check, capabilities=}, {name=move-furniture, capabilities=moveobject}, {name=open-door, capabilities=door-opening}, {name=sanitize-robot, capabilities=sanitize}], tasks={t0={id=AT1_1|1, name=RoomCleaning, arguments={?r=CleanerRobot, ?rm=room}, arguments_values={?r=, ?rm=RoomA}, locations=RoomA, robots_num={fixed=True, num=1}, preconditions=[{predicate=RoomA.door_open, vars=RoomA, var_types=room}, {predicate=not RoomA.is_clean, vars=RoomA, var_types=room}], effects=[{predicate=RoomA.is_clean, vars=RoomA, var_types=room}, {predicate=not ?r.is_sanitized, vars=?r, var_types=robot}], triggering_events=[assertion trigger "E1"], decomposition={a0={name=clean-room, arguments=?r ?rm}}, group=True, divisible=True}, t1={id=AT1_1|2, name=RoomCleaning, arguments={?r=CleanerRobot, ?rm=room}, arguments_values={?r=, ?rm=RoomA}, locations=RoomA, robots_num={fixed=True, num=1}, preconditions=[{predicate=not RoomA.door_open, vars=RoomA, var_types=room}, {predicate=not RoomA.door_open, vars=RoomA, var_types=room}, {predicate=not RoomA.is_clean, vars=RoomA, var_types=room}], effects=[{predicate=RoomA.door_open, vars=RoomA, var_types=room}, {predicate=RoomA.is_clean, vars=RoomA, var_types=room}, {predicate=not ?r.is_sanitized, vars=?r, var_types=robot}], triggering_events=[assertion trigger "E1"], decomposition={a0={name=open-door, arguments=?r ?rm}, a1={name=clean-room, arguments=?r ?rm}}, group=True, divisible=True}, t2={id=AT2_1|1, name=RobotSanitization, arguments={?r=CleanerRobot, ?srm=room}, arguments_values={?r=, ?srm=SanitizationRoom}, locations=SanitizationRoom, robots_num={fixed=True, num=1}, preconditions=[{predicate=not ?r.is_sanitized, vars=?r, var_types=robot}], effects=[{predicate=?r.is_sanitized, vars=?r, var_types=robot}], triggering_events=[assertion trigger "E1"], decomposition={a0={name=sanitize-robot, arguments=?r ?srm}}, group=True, divisible=True}, t3={id=AT3_1|1, name=FurnitureMoving, arguments={?rt=robotteam, ?rm=room}, arguments_values={?rt=, ?rm=RoomA}, locations=RoomA, robots_num={fixed=False, min=2, max=4}, preconditions=, effects=[{predicate=RoomA.is_prepared, vars=RoomA, var_types=room}], triggering_events=, decomposition={a0={name=move-furniture, arguments=?rt ?rm}}, group=True, divisible=True}, t4={id=AT1_2|1, name=RoomCleaning, arguments={?r=CleanerRobot, ?rm=room}, arguments_values={?r=, ?rm=RoomB}, locations=RoomB, robots_num={fixed=True, num=1}, preconditions=[{predicate=RoomB.door_open, vars=RoomB, var_types=room}, {predicate=not RoomB.is_clean, vars=RoomB, var_types=room}], effects=[{predicate=RoomB.is_clean, vars=RoomB, var_types=room}, {predicate=not ?r.is_sanitized, vars=?r, var_types=robot}], triggering_events=[assertion trigger "E1"], decomposition={a0={name=clean-room, arguments=?r ?rm}}, group=True, divisible=True}, t5={id=AT1_2|2, name=RoomCleaning, arguments={?r=CleanerRobot, ?rm=room}, arguments_values={?r=, ?rm=RoomB}, locations=RoomB, robots_num={fixed=True, num=1}, preconditions=[{predicate=not RoomB.door_open, vars=RoomB, var_types=room}, {predicate=not RoomB.door_open, vars=RoomB, var_types=room}, {predicate=not RoomB.is_clean, vars=RoomB, var_types=room}], effects=[{predicate=RoomB.door_open, vars=RoomB, var_types=room}, {predicate=RoomB.is_clean, vars=RoomB, var_types=room}, {predicate=not ?r.is_sanitized, vars=?r, var_types=robot}], triggering_events=[assertion trigger "E1"], decomposition={a0={name=open-door, arguments=?r ?rm}, a1={name=clean-room, arguments=?r ?rm}}, group=True, divisible=True}, t6={id=AT2_2|1, name=RobotSanitization, arguments={?r=CleanerRobot, ?srm=room}, arguments_values={?r=, ?srm=SanitizationRoom}, locations=SanitizationRoom, robots_num={fixed=True, num=1}, preconditions=[{predicate=not ?r.is_sanitized, vars=?r, var_types=robot}], effects=[{predicate=?r.is_sanitized, vars=?r, var_types=robot}], triggering_events=[assertion trigger "E1"], decomposition={a0={name=sanitize-robot, arguments=?r ?srm}}, group=True, divisible=True}, t7={id=AT3_2|1, name=FurnitureMoving, arguments={?rt=robotteam, ?rm=room}, arguments_values={?rt=, ?rm=RoomB}, locations=RoomB, robots_num={fixed=False, min=2, max=4}, preconditions=, effects=[{predicate=RoomB.is_prepared, vars=RoomB, var_types=room}], triggering_events=, decomposition={a0={name=move-furniture, arguments=?rt ?rm}}, group=True, divisible=True}, t8={id=AT4_1|1, name=CheckCleanRooms, arguments={?r=robot, ?rms=rooms}, arguments_values={?r=, ?rms=[RoomA,RoomB]}, locations=[RoomA, RoomB], robots_num={fixed=True, num=1}, preconditions=[{predicate=RoomA.is_clean, vars=RoomA, var_types=room}, {predicate=RoomB.is_clean, vars=RoomB, var_types=room}], effects=, triggering_events=, decomposition={a0={name=clean-rooms-check, arguments=?r ?rms}}, group=True, divisible=True}}, constraints=[{type=SEQ, task_instances={t0=t7, t1=t8}}, {type=SEQ, task_instances={t0=t3, t1=t8}}, {type=SEQ, task_instances={t0=t6, t1=t8}}, {type=SEQ, task_instances={t0=t2, t1=t8}}, {type=SEQ, task_instances={t0=t0, t1=t3}}, {type=SEQ, task_instances={t0=t1, t1=t3}}, {type=SEQ, task_instances={t0=t0, t1=t2}}, {type=SEQ, task_instances={t0=t1, t1=t2}}, {type=SEQ, task_instances={t0=t4, t1=t7}}, {type=SEQ, task_instances={t0=t5, t1=t7}}, {type=SEQ, task_instances={t0=t4, t1=t6}}, {type=SEQ, task_instances={t0=t5, t1=t6}}, {type=EC, task_instances={t0=t0, t1=t2}, group=False, divisible=True}, {type=EC, task_instances={t0=t1, t1=t2}, group=False, divisible=True}, {type=EC, task_instances={t0=t4, t1=t6}, group=False, divisible=True}, {type=EC, task_instances={t0=t5, t1=t6}, group=False, divisible=True}], mission_decompositions=[[t1, t2, t3, t4, t6, t7, t8]]}>
	at br.com.unb.PistarModelFactoryApplicationTests.executePistarFactoryMutroseNotSendWorldKnowledgeFile(PistarModelFactoryApplicationTests.java:50)
]]></failure>
  </testcase>
  <testcase name="executePistarFactoryMutroseNotSendModelFile" classname="br.com.unb.PistarModelFactoryApplicationTests" time="0.668">
    <failure message="expected: &lt;null&gt; but was: &lt;{actions=[{name=clean-room, capabilities=cleaning}, {name=clean-rooms-check, capabilities=}, {name=move-furniture, capabilities=moveobject}, {name=open-door, capabilities=door-opening}, {name=sanitize-robot, capabilities=sanitize}], tasks={t0={id=AT1_1|1, name=RoomCleaning, arguments={?r=CleanerRobot, ?rm=room}, arguments_values={?r=, ?rm=RoomA}, locations=RoomA, robots_num={fixed=True, num=1}, preconditions=[{predicate=RoomA.door_open, vars=RoomA, var_types=room}, {predicate=not RoomA.is_clean, vars=RoomA, var_types=room}], effects=[{predicate=RoomA.is_clean, vars=RoomA, var_types=room}, {predicate=not ?r.is_sanitized, vars=?r, var_types=robot}], triggering_events=[assertion trigger &quot;E1&quot;], decomposition={a0={name=clean-room, arguments=?r ?rm}}, group=True, divisible=True}, t1={id=AT1_1|2, name=RoomCleaning, arguments={?r=CleanerRobot, ?rm=room}, arguments_values={?r=, ?rm=RoomA}, locations=RoomA, robots_num={fixed=True, num=1}, preconditions=[{predicate=not RoomA.door_open, vars=RoomA, var_types=room}, {predicate=not RoomA.door_open, vars=RoomA, var_types=room}, {predicate=not RoomA.is_clean, vars=RoomA, var_types=room}], effects=[{predicate=RoomA.door_open, vars=RoomA, var_types=room}, {predicate=RoomA.is_clean, vars=RoomA, var_types=room}, {predicate=not ?r.is_sanitized, vars=?r, var_types=robot}], triggering_events=[assertion trigger &quot;E1&quot;], decomposition={a0={name=open-door, arguments=?r ?rm}, a1={name=clean-room, arguments=?r ?rm}}, group=True, divisible=True}, t2={id=AT2_1|1, name=RobotSanitization, arguments={?r=CleanerRobot, ?srm=room}, arguments_values={?r=, ?srm=SanitizationRoom}, locations=SanitizationRoom, robots_num={fixed=True, num=1}, preconditions=[{predicate=not ?r.is_sanitized, vars=?r, var_types=robot}], effects=[{predicate=?r.is_sanitized, vars=?r, var_types=robot}], triggering_events=[assertion trigger &quot;E1&quot;], decomposition={a0={name=sanitize-robot, arguments=?r ?srm}}, group=True, divisible=True}, t3={id=AT3_1|1, name=FurnitureMoving, arguments={?rt=robotteam, ?rm=room}, arguments_values={?rt=, ?rm=RoomA}, locations=RoomA, robots_num={fixed=False, min=2, max=4}, preconditions=, effects=[{predicate=RoomA.is_prepared, vars=RoomA, var_types=room}], triggering_events=, decomposition={a0={name=move-furniture, arguments=?rt ?rm}}, group=True, divisible=True}, t4={id=AT1_2|1, name=RoomCleaning, arguments={?r=CleanerRobot, ?rm=room}, arguments_values={?r=, ?rm=RoomB}, locations=RoomB, robots_num={fixed=True, num=1}, preconditions=[{predicate=RoomB.door_open, vars=RoomB, var_types=room}, {predicate=not RoomB.is_clean, vars=RoomB, var_types=room}], effects=[{predicate=RoomB.is_clean, vars=RoomB, var_types=room}, {predicate=not ?r.is_sanitized, vars=?r, var_types=robot}], triggering_events=[assertion trigger &quot;E1&quot;], decomposition={a0={name=clean-room, arguments=?r ?rm}}, group=True, divisible=True}, t5={id=AT1_2|2, name=RoomCleaning, arguments={?r=CleanerRobot, ?rm=room}, arguments_values={?r=, ?rm=RoomB}, locations=RoomB, robots_num={fixed=True, num=1}, preconditions=[{predicate=not RoomB.door_open, vars=RoomB, var_types=room}, {predicate=not RoomB.door_open, vars=RoomB, var_types=room}, {predicate=not RoomB.is_clean, vars=RoomB, var_types=room}], effects=[{predicate=RoomB.door_open, vars=RoomB, var_types=room}, {predicate=RoomB.is_clean, vars=RoomB, var_types=room}, {predicate=not ?r.is_sanitized, vars=?r, var_types=robot}], triggering_events=[assertion trigger &quot;E1&quot;], decomposition={a0={name=open-door, arguments=?r ?rm}, a1={name=clean-room, arguments=?r ?rm}}, group=True, divisible=True}, t6={id=AT2_2|1, name=RobotSanitization, arguments={?r=CleanerRobot, ?srm=room}, arguments_values={?r=, ?srm=SanitizationRoom}, locations=SanitizationRoom, robots_num={fixed=True, num=1}, preconditions=[{predicate=not ?r.is_sanitized, vars=?r, var_types=robot}], effects=[{predicate=?r.is_sanitized, vars=?r, var_types=robot}], triggering_events=[assertion trigger &quot;E1&quot;], decomposition={a0={name=sanitize-robot, arguments=?r ?srm}}, group=True, divisible=True}, t7={id=AT3_2|1, name=FurnitureMoving, arguments={?rt=robotteam, ?rm=room}, arguments_values={?rt=, ?rm=RoomB}, locations=RoomB, robots_num={fixed=False, min=2, max=4}, preconditions=, effects=[{predicate=RoomB.is_prepared, vars=RoomB, var_types=room}], triggering_events=, decomposition={a0={name=move-furniture, arguments=?rt ?rm}}, group=True, divisible=True}, t8={id=AT4_1|1, name=CheckCleanRooms, arguments={?r=robot, ?rms=rooms}, arguments_values={?r=, ?rms=[RoomA,RoomB]}, locations=[RoomA, RoomB], robots_num={fixed=True, num=1}, preconditions=[{predicate=RoomA.is_clean, vars=RoomA, var_types=room}, {predicate=RoomB.is_clean, vars=RoomB, var_types=room}], effects=, triggering_events=, decomposition={a0={name=clean-rooms-check, arguments=?r ?rms}}, group=True, divisible=True}}, constraints=[{type=SEQ, task_instances={t0=t7, t1=t8}}, {type=SEQ, task_instances={t0=t3, t1=t8}}, {type=SEQ, task_instances={t0=t6, t1=t8}}, {type=SEQ, task_instances={t0=t2, t1=t8}}, {type=SEQ, task_instances={t0=t0, t1=t3}}, {type=SEQ, task_instances={t0=t1, t1=t3}}, {type=SEQ, task_instances={t0=t0, t1=t2}}, {type=SEQ, task_instances={t0=t1, t1=t2}}, {type=SEQ, task_instances={t0=t4, t1=t7}}, {type=SEQ, task_instances={t0=t5, t1=t7}}, {type=SEQ, task_instances={t0=t4, t1=t6}}, {type=SEQ, task_instances={t0=t5, t1=t6}}, {type=EC, task_instances={t0=t0, t1=t2}, group=False, divisible=True}, {type=EC, task_instances={t0=t1, t1=t2}, group=False, divisible=True}, {type=EC, task_instances={t0=t4, t1=t6}, group=False, divisible=True}, {type=EC, task_instances={t0=t5, t1=t6}, group=False, divisible=True}], mission_decompositions=[[t1, t2, t3, t4, t6, t7, t8]]}&gt;" type="org.opentest4j.AssertionFailedError"><![CDATA[org.opentest4j.AssertionFailedError: expected: <null> but was: <{actions=[{name=clean-room, capabilities=cleaning}, {name=clean-rooms-check, capabilities=}, {name=move-furniture, capabilities=moveobject}, {name=open-door, capabilities=door-opening}, {name=sanitize-robot, capabilities=sanitize}], tasks={t0={id=AT1_1|1, name=RoomCleaning, arguments={?r=CleanerRobot, ?rm=room}, arguments_values={?r=, ?rm=RoomA}, locations=RoomA, robots_num={fixed=True, num=1}, preconditions=[{predicate=RoomA.door_open, vars=RoomA, var_types=room}, {predicate=not RoomA.is_clean, vars=RoomA, var_types=room}], effects=[{predicate=RoomA.is_clean, vars=RoomA, var_types=room}, {predicate=not ?r.is_sanitized, vars=?r, var_types=robot}], triggering_events=[assertion trigger "E1"], decomposition={a0={name=clean-room, arguments=?r ?rm}}, group=True, divisible=True}, t1={id=AT1_1|2, name=RoomCleaning, arguments={?r=CleanerRobot, ?rm=room}, arguments_values={?r=, ?rm=RoomA}, locations=RoomA, robots_num={fixed=True, num=1}, preconditions=[{predicate=not RoomA.door_open, vars=RoomA, var_types=room}, {predicate=not RoomA.door_open, vars=RoomA, var_types=room}, {predicate=not RoomA.is_clean, vars=RoomA, var_types=room}], effects=[{predicate=RoomA.door_open, vars=RoomA, var_types=room}, {predicate=RoomA.is_clean, vars=RoomA, var_types=room}, {predicate=not ?r.is_sanitized, vars=?r, var_types=robot}], triggering_events=[assertion trigger "E1"], decomposition={a0={name=open-door, arguments=?r ?rm}, a1={name=clean-room, arguments=?r ?rm}}, group=True, divisible=True}, t2={id=AT2_1|1, name=RobotSanitization, arguments={?r=CleanerRobot, ?srm=room}, arguments_values={?r=, ?srm=SanitizationRoom}, locations=SanitizationRoom, robots_num={fixed=True, num=1}, preconditions=[{predicate=not ?r.is_sanitized, vars=?r, var_types=robot}], effects=[{predicate=?r.is_sanitized, vars=?r, var_types=robot}], triggering_events=[assertion trigger "E1"], decomposition={a0={name=sanitize-robot, arguments=?r ?srm}}, group=True, divisible=True}, t3={id=AT3_1|1, name=FurnitureMoving, arguments={?rt=robotteam, ?rm=room}, arguments_values={?rt=, ?rm=RoomA}, locations=RoomA, robots_num={fixed=False, min=2, max=4}, preconditions=, effects=[{predicate=RoomA.is_prepared, vars=RoomA, var_types=room}], triggering_events=, decomposition={a0={name=move-furniture, arguments=?rt ?rm}}, group=True, divisible=True}, t4={id=AT1_2|1, name=RoomCleaning, arguments={?r=CleanerRobot, ?rm=room}, arguments_values={?r=, ?rm=RoomB}, locations=RoomB, robots_num={fixed=True, num=1}, preconditions=[{predicate=RoomB.door_open, vars=RoomB, var_types=room}, {predicate=not RoomB.is_clean, vars=RoomB, var_types=room}], effects=[{predicate=RoomB.is_clean, vars=RoomB, var_types=room}, {predicate=not ?r.is_sanitized, vars=?r, var_types=robot}], triggering_events=[assertion trigger "E1"], decomposition={a0={name=clean-room, arguments=?r ?rm}}, group=True, divisible=True}, t5={id=AT1_2|2, name=RoomCleaning, arguments={?r=CleanerRobot, ?rm=room}, arguments_values={?r=, ?rm=RoomB}, locations=RoomB, robots_num={fixed=True, num=1}, preconditions=[{predicate=not RoomB.door_open, vars=RoomB, var_types=room}, {predicate=not RoomB.door_open, vars=RoomB, var_types=room}, {predicate=not RoomB.is_clean, vars=RoomB, var_types=room}], effects=[{predicate=RoomB.door_open, vars=RoomB, var_types=room}, {predicate=RoomB.is_clean, vars=RoomB, var_types=room}, {predicate=not ?r.is_sanitized, vars=?r, var_types=robot}], triggering_events=[assertion trigger "E1"], decomposition={a0={name=open-door, arguments=?r ?rm}, a1={name=clean-room, arguments=?r ?rm}}, group=True, divisible=True}, t6={id=AT2_2|1, name=RobotSanitization, arguments={?r=CleanerRobot, ?srm=room}, arguments_values={?r=, ?srm=SanitizationRoom}, locations=SanitizationRoom, robots_num={fixed=True, num=1}, preconditions=[{predicate=not ?r.is_sanitized, vars=?r, var_types=robot}], effects=[{predicate=?r.is_sanitized, vars=?r, var_types=robot}], triggering_events=[assertion trigger "E1"], decomposition={a0={name=sanitize-robot, arguments=?r ?srm}}, group=True, divisible=True}, t7={id=AT3_2|1, name=FurnitureMoving, arguments={?rt=robotteam, ?rm=room}, arguments_values={?rt=, ?rm=RoomB}, locations=RoomB, robots_num={fixed=False, min=2, max=4}, preconditions=, effects=[{predicate=RoomB.is_prepared, vars=RoomB, var_types=room}], triggering_events=, decomposition={a0={name=move-furniture, arguments=?rt ?rm}}, group=True, divisible=True}, t8={id=AT4_1|1, name=CheckCleanRooms, arguments={?r=robot, ?rms=rooms}, arguments_values={?r=, ?rms=[RoomA,RoomB]}, locations=[RoomA, RoomB], robots_num={fixed=True, num=1}, preconditions=[{predicate=RoomA.is_clean, vars=RoomA, var_types=room}, {predicate=RoomB.is_clean, vars=RoomB, var_types=room}], effects=, triggering_events=, decomposition={a0={name=clean-rooms-check, arguments=?r ?rms}}, group=True, divisible=True}}, constraints=[{type=SEQ, task_instances={t0=t7, t1=t8}}, {type=SEQ, task_instances={t0=t3, t1=t8}}, {type=SEQ, task_instances={t0=t6, t1=t8}}, {type=SEQ, task_instances={t0=t2, t1=t8}}, {type=SEQ, task_instances={t0=t0, t1=t3}}, {type=SEQ, task_instances={t0=t1, t1=t3}}, {type=SEQ, task_instances={t0=t0, t1=t2}}, {type=SEQ, task_instances={t0=t1, t1=t2}}, {type=SEQ, task_instances={t0=t4, t1=t7}}, {type=SEQ, task_instances={t0=t5, t1=t7}}, {type=SEQ, task_instances={t0=t4, t1=t6}}, {type=SEQ, task_instances={t0=t5, t1=t6}}, {type=EC, task_instances={t0=t0, t1=t2}, group=False, divisible=True}, {type=EC, task_instances={t0=t1, t1=t2}, group=False, divisible=True}, {type=EC, task_instances={t0=t4, t1=t6}, group=False, divisible=True}, {type=EC, task_instances={t0=t5, t1=t6}, group=False, divisible=True}], mission_decompositions=[[t1, t2, t3, t4, t6, t7, t8]]}>
	at br.com.unb.PistarModelFactoryApplicationTests.executePistarFactoryMutroseNotSendModelFile(PistarModelFactoryApplicationTests.java:29)
]]></failure>
  </testcase>
  <testcase name="executePistarFactoryMutroseNotSendHddlFile" classname="br.com.unb.PistarModelFactoryApplicationTests" time="0.749">
    <failure message="expected: &lt;null&gt; but was: &lt;{actions=[{name=clean-room, capabilities=cleaning}, {name=clean-rooms-check, capabilities=}, {name=move-furniture, capabilities=moveobject}, {name=open-door, capabilities=door-opening}, {name=sanitize-robot, capabilities=sanitize}], tasks={t0={id=AT1_1|1, name=RoomCleaning, arguments={?r=CleanerRobot, ?rm=room}, arguments_values={?r=, ?rm=RoomA}, locations=RoomA, robots_num={fixed=True, num=1}, preconditions=[{predicate=RoomA.door_open, vars=RoomA, var_types=room}, {predicate=not RoomA.is_clean, vars=RoomA, var_types=room}], effects=[{predicate=RoomA.is_clean, vars=RoomA, var_types=room}, {predicate=not ?r.is_sanitized, vars=?r, var_types=robot}], triggering_events=[assertion trigger &quot;E1&quot;], decomposition={a0={name=clean-room, arguments=?r ?rm}}, group=True, divisible=True}, t1={id=AT1_1|2, name=RoomCleaning, arguments={?r=CleanerRobot, ?rm=room}, arguments_values={?r=, ?rm=RoomA}, locations=RoomA, robots_num={fixed=True, num=1}, preconditions=[{predicate=not RoomA.door_open, vars=RoomA, var_types=room}, {predicate=not RoomA.door_open, vars=RoomA, var_types=room}, {predicate=not RoomA.is_clean, vars=RoomA, var_types=room}], effects=[{predicate=RoomA.door_open, vars=RoomA, var_types=room}, {predicate=RoomA.is_clean, vars=RoomA, var_types=room}, {predicate=not ?r.is_sanitized, vars=?r, var_types=robot}], triggering_events=[assertion trigger &quot;E1&quot;], decomposition={a0={name=open-door, arguments=?r ?rm}, a1={name=clean-room, arguments=?r ?rm}}, group=True, divisible=True}, t2={id=AT2_1|1, name=RobotSanitization, arguments={?r=CleanerRobot, ?srm=room}, arguments_values={?r=, ?srm=SanitizationRoom}, locations=SanitizationRoom, robots_num={fixed=True, num=1}, preconditions=[{predicate=not ?r.is_sanitized, vars=?r, var_types=robot}], effects=[{predicate=?r.is_sanitized, vars=?r, var_types=robot}], triggering_events=[assertion trigger &quot;E1&quot;], decomposition={a0={name=sanitize-robot, arguments=?r ?srm}}, group=True, divisible=True}, t3={id=AT3_1|1, name=FurnitureMoving, arguments={?rt=robotteam, ?rm=room}, arguments_values={?rt=, ?rm=RoomA}, locations=RoomA, robots_num={fixed=False, min=2, max=4}, preconditions=, effects=[{predicate=RoomA.is_prepared, vars=RoomA, var_types=room}], triggering_events=, decomposition={a0={name=move-furniture, arguments=?rt ?rm}}, group=True, divisible=True}, t4={id=AT1_2|1, name=RoomCleaning, arguments={?r=CleanerRobot, ?rm=room}, arguments_values={?r=, ?rm=RoomB}, locations=RoomB, robots_num={fixed=True, num=1}, preconditions=[{predicate=RoomB.door_open, vars=RoomB, var_types=room}, {predicate=not RoomB.is_clean, vars=RoomB, var_types=room}], effects=[{predicate=RoomB.is_clean, vars=RoomB, var_types=room}, {predicate=not ?r.is_sanitized, vars=?r, var_types=robot}], triggering_events=[assertion trigger &quot;E1&quot;], decomposition={a0={name=clean-room, arguments=?r ?rm}}, group=True, divisible=True}, t5={id=AT1_2|2, name=RoomCleaning, arguments={?r=CleanerRobot, ?rm=room}, arguments_values={?r=, ?rm=RoomB}, locations=RoomB, robots_num={fixed=True, num=1}, preconditions=[{predicate=not RoomB.door_open, vars=RoomB, var_types=room}, {predicate=not RoomB.door_open, vars=RoomB, var_types=room}, {predicate=not RoomB.is_clean, vars=RoomB, var_types=room}], effects=[{predicate=RoomB.door_open, vars=RoomB, var_types=room}, {predicate=RoomB.is_clean, vars=RoomB, var_types=room}, {predicate=not ?r.is_sanitized, vars=?r, var_types=robot}], triggering_events=[assertion trigger &quot;E1&quot;], decomposition={a0={name=open-door, arguments=?r ?rm}, a1={name=clean-room, arguments=?r ?rm}}, group=True, divisible=True}, t6={id=AT2_2|1, name=RobotSanitization, arguments={?r=CleanerRobot, ?srm=room}, arguments_values={?r=, ?srm=SanitizationRoom}, locations=SanitizationRoom, robots_num={fixed=True, num=1}, preconditions=[{predicate=not ?r.is_sanitized, vars=?r, var_types=robot}], effects=[{predicate=?r.is_sanitized, vars=?r, var_types=robot}], triggering_events=[assertion trigger &quot;E1&quot;], decomposition={a0={name=sanitize-robot, arguments=?r ?srm}}, group=True, divisible=True}, t7={id=AT3_2|1, name=FurnitureMoving, arguments={?rt=robotteam, ?rm=room}, arguments_values={?rt=, ?rm=RoomB}, locations=RoomB, robots_num={fixed=False, min=2, max=4}, preconditions=, effects=[{predicate=RoomB.is_prepared, vars=RoomB, var_types=room}], triggering_events=, decomposition={a0={name=move-furniture, arguments=?rt ?rm}}, group=True, divisible=True}, t8={id=AT4_1|1, name=CheckCleanRooms, arguments={?r=robot, ?rms=rooms}, arguments_values={?r=, ?rms=[RoomA,RoomB]}, locations=[RoomA, RoomB], robots_num={fixed=True, num=1}, preconditions=[{predicate=RoomA.is_clean, vars=RoomA, var_types=room}, {predicate=RoomB.is_clean, vars=RoomB, var_types=room}], effects=, triggering_events=, decomposition={a0={name=clean-rooms-check, arguments=?r ?rms}}, group=True, divisible=True}}, constraints=[{type=SEQ, task_instances={t0=t7, t1=t8}}, {type=SEQ, task_instances={t0=t3, t1=t8}}, {type=SEQ, task_instances={t0=t6, t1=t8}}, {type=SEQ, task_instances={t0=t2, t1=t8}}, {type=SEQ, task_instances={t0=t0, t1=t3}}, {type=SEQ, task_instances={t0=t1, t1=t3}}, {type=SEQ, task_instances={t0=t0, t1=t2}}, {type=SEQ, task_instances={t0=t1, t1=t2}}, {type=SEQ, task_instances={t0=t4, t1=t7}}, {type=SEQ, task_instances={t0=t5, t1=t7}}, {type=SEQ, task_instances={t0=t4, t1=t6}}, {type=SEQ, task_instances={t0=t5, t1=t6}}, {type=EC, task_instances={t0=t0, t1=t2}, group=False, divisible=True}, {type=EC, task_instances={t0=t1, t1=t2}, group=False, divisible=True}, {type=EC, task_instances={t0=t4, t1=t6}, group=False, divisible=True}, {type=EC, task_instances={t0=t5, t1=t6}, group=False, divisible=True}], mission_decompositions=[[t1, t2, t3, t4, t6, t7, t8]]}&gt;" type="org.opentest4j.AssertionFailedError"><![CDATA[org.opentest4j.AssertionFailedError: expected: <null> but was: <{actions=[{name=clean-room, capabilities=cleaning}, {name=clean-rooms-check, capabilities=}, {name=move-furniture, capabilities=moveobject}, {name=open-door, capabilities=door-opening}, {name=sanitize-robot, capabilities=sanitize}], tasks={t0={id=AT1_1|1, name=RoomCleaning, arguments={?r=CleanerRobot, ?rm=room}, arguments_values={?r=, ?rm=RoomA}, locations=RoomA, robots_num={fixed=True, num=1}, preconditions=[{predicate=RoomA.door_open, vars=RoomA, var_types=room}, {predicate=not RoomA.is_clean, vars=RoomA, var_types=room}], effects=[{predicate=RoomA.is_clean, vars=RoomA, var_types=room}, {predicate=not ?r.is_sanitized, vars=?r, var_types=robot}], triggering_events=[assertion trigger "E1"], decomposition={a0={name=clean-room, arguments=?r ?rm}}, group=True, divisible=True}, t1={id=AT1_1|2, name=RoomCleaning, arguments={?r=CleanerRobot, ?rm=room}, arguments_values={?r=, ?rm=RoomA}, locations=RoomA, robots_num={fixed=True, num=1}, preconditions=[{predicate=not RoomA.door_open, vars=RoomA, var_types=room}, {predicate=not RoomA.door_open, vars=RoomA, var_types=room}, {predicate=not RoomA.is_clean, vars=RoomA, var_types=room}], effects=[{predicate=RoomA.door_open, vars=RoomA, var_types=room}, {predicate=RoomA.is_clean, vars=RoomA, var_types=room}, {predicate=not ?r.is_sanitized, vars=?r, var_types=robot}], triggering_events=[assertion trigger "E1"], decomposition={a0={name=open-door, arguments=?r ?rm}, a1={name=clean-room, arguments=?r ?rm}}, group=True, divisible=True}, t2={id=AT2_1|1, name=RobotSanitization, arguments={?r=CleanerRobot, ?srm=room}, arguments_values={?r=, ?srm=SanitizationRoom}, locations=SanitizationRoom, robots_num={fixed=True, num=1}, preconditions=[{predicate=not ?r.is_sanitized, vars=?r, var_types=robot}], effects=[{predicate=?r.is_sanitized, vars=?r, var_types=robot}], triggering_events=[assertion trigger "E1"], decomposition={a0={name=sanitize-robot, arguments=?r ?srm}}, group=True, divisible=True}, t3={id=AT3_1|1, name=FurnitureMoving, arguments={?rt=robotteam, ?rm=room}, arguments_values={?rt=, ?rm=RoomA}, locations=RoomA, robots_num={fixed=False, min=2, max=4}, preconditions=, effects=[{predicate=RoomA.is_prepared, vars=RoomA, var_types=room}], triggering_events=, decomposition={a0={name=move-furniture, arguments=?rt ?rm}}, group=True, divisible=True}, t4={id=AT1_2|1, name=RoomCleaning, arguments={?r=CleanerRobot, ?rm=room}, arguments_values={?r=, ?rm=RoomB}, locations=RoomB, robots_num={fixed=True, num=1}, preconditions=[{predicate=RoomB.door_open, vars=RoomB, var_types=room}, {predicate=not RoomB.is_clean, vars=RoomB, var_types=room}], effects=[{predicate=RoomB.is_clean, vars=RoomB, var_types=room}, {predicate=not ?r.is_sanitized, vars=?r, var_types=robot}], triggering_events=[assertion trigger "E1"], decomposition={a0={name=clean-room, arguments=?r ?rm}}, group=True, divisible=True}, t5={id=AT1_2|2, name=RoomCleaning, arguments={?r=CleanerRobot, ?rm=room}, arguments_values={?r=, ?rm=RoomB}, locations=RoomB, robots_num={fixed=True, num=1}, preconditions=[{predicate=not RoomB.door_open, vars=RoomB, var_types=room}, {predicate=not RoomB.door_open, vars=RoomB, var_types=room}, {predicate=not RoomB.is_clean, vars=RoomB, var_types=room}], effects=[{predicate=RoomB.door_open, vars=RoomB, var_types=room}, {predicate=RoomB.is_clean, vars=RoomB, var_types=room}, {predicate=not ?r.is_sanitized, vars=?r, var_types=robot}], triggering_events=[assertion trigger "E1"], decomposition={a0={name=open-door, arguments=?r ?rm}, a1={name=clean-room, arguments=?r ?rm}}, group=True, divisible=True}, t6={id=AT2_2|1, name=RobotSanitization, arguments={?r=CleanerRobot, ?srm=room}, arguments_values={?r=, ?srm=SanitizationRoom}, locations=SanitizationRoom, robots_num={fixed=True, num=1}, preconditions=[{predicate=not ?r.is_sanitized, vars=?r, var_types=robot}], effects=[{predicate=?r.is_sanitized, vars=?r, var_types=robot}], triggering_events=[assertion trigger "E1"], decomposition={a0={name=sanitize-robot, arguments=?r ?srm}}, group=True, divisible=True}, t7={id=AT3_2|1, name=FurnitureMoving, arguments={?rt=robotteam, ?rm=room}, arguments_values={?rt=, ?rm=RoomB}, locations=RoomB, robots_num={fixed=False, min=2, max=4}, preconditions=, effects=[{predicate=RoomB.is_prepared, vars=RoomB, var_types=room}], triggering_events=, decomposition={a0={name=move-furniture, arguments=?rt ?rm}}, group=True, divisible=True}, t8={id=AT4_1|1, name=CheckCleanRooms, arguments={?r=robot, ?rms=rooms}, arguments_values={?r=, ?rms=[RoomA,RoomB]}, locations=[RoomA, RoomB], robots_num={fixed=True, num=1}, preconditions=[{predicate=RoomA.is_clean, vars=RoomA, var_types=room}, {predicate=RoomB.is_clean, vars=RoomB, var_types=room}], effects=, triggering_events=, decomposition={a0={name=clean-rooms-check, arguments=?r ?rms}}, group=True, divisible=True}}, constraints=[{type=SEQ, task_instances={t0=t7, t1=t8}}, {type=SEQ, task_instances={t0=t3, t1=t8}}, {type=SEQ, task_instances={t0=t6, t1=t8}}, {type=SEQ, task_instances={t0=t2, t1=t8}}, {type=SEQ, task_instances={t0=t0, t1=t3}}, {type=SEQ, task_instances={t0=t1, t1=t3}}, {type=SEQ, task_instances={t0=t0, t1=t2}}, {type=SEQ, task_instances={t0=t1, t1=t2}}, {type=SEQ, task_instances={t0=t4, t1=t7}}, {type=SEQ, task_instances={t0=t5, t1=t7}}, {type=SEQ, task_instances={t0=t4, t1=t6}}, {type=SEQ, task_instances={t0=t5, t1=t6}}, {type=EC, task_instances={t0=t0, t1=t2}, group=False, divisible=True}, {type=EC, task_instances={t0=t1, t1=t2}, group=False, divisible=True}, {type=EC, task_instances={t0=t4, t1=t6}, group=False, divisible=True}, {type=EC, task_instances={t0=t5, t1=t6}, group=False, divisible=True}], mission_decompositions=[[t1, t2, t3, t4, t6, t7, t8]]}>
	at br.com.unb.PistarModelFactoryApplicationTests.executePistarFactoryMutroseNotSendHddlFile(PistarModelFactoryApplicationTests.java:36)
]]></failure>
  </testcase>
  <testcase name="executePistarFactoryMutrose" classname="br.com.unb.PistarModelFactoryApplicationTests" time="0.682"/>
  <testcase name="executePistarFactoryGODA" classname="br.com.unb.PistarModelFactoryApplicationTests" time="0.618">
    <failure message="expected: &lt;{CostMax.pctl=R{&quot;cost&quot;}max=?[F&quot;success&quot;],&#10;ReachabilityMin.pctl=Pmin=?[F&quot;success&quot;],&#10;ReachabilityMax.pctl=Pmax=?[F&quot;success&quot;],&#10;BSN.nm=mdpconstintCTX_1,&#10;//SaO2_sensor=trueconstintCTX_2,&#10;//ECG_sensor=trueconstintCTX_3,&#10;//SaO2_sensor=true&amp;ECG_sensor=trueconstintCTX_4,&#10;//TEMP_sensor=trueconstintCTX_5,&#10;//SaO2_sensor=true&amp;TEMP_sensor=trueconstintCTX_6,&#10;//ECG_sensor=true&amp;TEMP_sensor=trueconstintCTX_7,&#10;//SaO2_sensor=true&amp;ECG_sensor=true&amp;TEMP_sensor=trueconstintCTX_8,&#10;//ABP_sensor=trueconstintCTX_9,&#10;//SaO2_sensor=true&amp;ABP_sensor=trueconstintCTX_10,&#10;//ECG_sensor=true&amp;ABP_sensor=trueconstintCTX_11,&#10;//SaO2_sensor=true&amp;ECG_sensor=true&amp;ABP_sensor=trueconstintCTX_12,&#10;//TEMP_sensor=true&amp;ABP_sensor=trueconstintCTX_13,&#10;//SaO2_sensor=true&amp;TEMP_sensor=true&amp;ABP_sensor=trueconstintCTX_14,&#10;//ECG_sensor=true&amp;TEMP_sensor=true&amp;ABP_sensor=trueconstintCTX_15,&#10;//SaO2_sensor=true&amp;ECG_sensor=true&amp;TEMP_sensor=true&amp;ABP_sensor=trueconstintCTX_16,&#10;//Unknown_sensor=trueconstintCTX_17,&#10;//SaO2_sensor=true&amp;Unknown_sensor=trueconstintCTX_18,&#10;//ECG_sensor=true&amp;Unknown_sensor=trueconstintCTX_19,&#10;//SaO2_sensor=true&amp;ECG_sensor=true&amp;Unknown_sensor=trueconstintCTX_20,&#10;//TEMP_sensor=true&amp;Unknown_sensor=trueconstintCTX_21,&#10;//SaO2_sensor=true&amp;TEMP_sensor=true&amp;Unknown_sensor=trueconstintCTX_22,&#10;//ECG_sensor=true&amp;TEMP_sensor=true&amp;Unknown_sensor=trueconstintCTX_23,&#10;//SaO2_sensor=true&amp;ECG_sensor=true&amp;TEMP_sensor=true&amp;Unknown_sensor=trueconstintCTX_24,&#10;//ABP_sensor=true&amp;Unknown_sensor=trueconstintCTX_25,&#10;//SaO2_sensor=true&amp;ABP_sensor=true&amp;Unknown_sensor=trueconstintCTX_26,&#10;//ECG_sensor=true&amp;ABP_sensor=true&amp;Unknown_sensor=trueconstintCTX_27,&#10;//SaO2_sensor=true&amp;ECG_sensor=true&amp;ABP_sensor=true&amp;Unknown_sensor=trueconstintCTX_28,&#10;//TEMP_sensor=true&amp;ABP_sensor=true&amp;Unknown_sensor=trueconstintCTX_29,&#10;//SaO2_sensor=true&amp;TEMP_sensor=true&amp;ABP_sensor=true&amp;Unknown_sensor=trueconstintCTX_30,&#10;//ECG_sensor=true&amp;TEMP_sensor=true&amp;ABP_sensor=true&amp;Unknown_sensor=trueconstintCTX_31,&#10;//SaO2_sensor=true&amp;ECG_sensor=true&amp;TEMP_sensor=true&amp;ABP_sensor=true&amp;Unknown_sensor=trueglobalCTX_G3_T1_1:[0..1]init0,&#10;globalCTX_G3_T1_2:[0..1]init0,&#10;globalCTX_G3_T1_3:[0..1]init0,&#10;globalCTX_G3_T1_4:[0..1]init0,&#10;globalCTX_G3_T1_X:[0..1]init0,&#10;moduleNonDeterminism_G3_T1sG3_T1:[0..2]init0,&#10;[next_0]sG3_T1=0-&gt;(sG3_T1&apos;=1),&#10;[]sG3_T1=1-&gt;CTX_1:(sG3_T1&apos;=2)&amp;(CTX_G3_T1_1&apos;=1)+(1-CTX_1):(sG3_T1&apos;=1),&#10;[]sG3_T1=1-&gt;CTX_2:(sG3_T1&apos;=2)&amp;(CTX_G3_T1_2&apos;=1)+(1-CTX_2):(sG3_T1&apos;=1),&#10;[]sG3_T1=1-&gt;CTX_3:(sG3_T1&apos;=2)&amp;(CTX_G3_T1_1&apos;=1)&amp;(CTX_G3_T1_2&apos;=1)+(1-CTX_3):(sG3_T1&apos;=1),&#10;[]sG3_T1=1-&gt;CTX_4:(sG3_T1&apos;=2)&amp;(CTX_G3_T1_3&apos;=1)+(1-CTX_4):(sG3_T1&apos;=1),&#10;[]sG3_T1=1-&gt;CTX_5:(sG3_T1&apos;=2)&amp;(CTX_G3_T1_1&apos;=1)&amp;(CTX_G3_T1_3&apos;=1)+(1-CTX_5):(sG3_T1&apos;=1),&#10;[]sG3_T1=1-&gt;CTX_6:(sG3_T1&apos;=2)&amp;(CTX_G3_T1_2&apos;=1)&amp;(CTX_G3_T1_3&apos;=1)+(1-CTX_6):(sG3_T1&apos;=1),&#10;[]sG3_T1=1-&gt;CTX_7:(sG3_T1&apos;=2)&amp;(CTX_G3_T1_1&apos;=1)&amp;(CTX_G3_T1_2&apos;=1)&amp;(CTX_G3_T1_3&apos;=1)+(1-CTX_7):(sG3_T1&apos;=1),&#10;[]sG3_T1=1-&gt;CTX_8:(sG3_T1&apos;=2)&amp;(CTX_G3_T1_4&apos;=1)+(1-CTX_8):(sG3_T1&apos;=1),&#10;[]sG3_T1=1-&gt;CTX_9:(sG3_T1&apos;=2)&amp;(CTX_G3_T1_1&apos;=1)&amp;(CTX_G3_T1_4&apos;=1)+(1-CTX_9):(sG3_T1&apos;=1),&#10;[]sG3_T1=1-&gt;CTX_10:(sG3_T1&apos;=2)&amp;(CTX_G3_T1_2&apos;=1)&amp;(CTX_G3_T1_4&apos;=1)+(1-CTX_10):(sG3_T1&apos;=1),&#10;[]sG3_T1=1-&gt;CTX_11:(sG3_T1&apos;=2)&amp;(CTX_G3_T1_1&apos;=1)&amp;(CTX_G3_T1_2&apos;=1)&amp;(CTX_G3_T1_4&apos;=1)+(1-CTX_11):(sG3_T1&apos;=1),&#10;[]sG3_T1=1-&gt;CTX_12:(sG3_T1&apos;=2)&amp;(CTX_G3_T1_3&apos;=1)&amp;(CTX_G3_T1_4&apos;=1)+(1-CTX_12):(sG3_T1&apos;=1),&#10;[]sG3_T1=1-&gt;CTX_13:(sG3_T1&apos;=2)&amp;(CTX_G3_T1_1&apos;=1)&amp;(CTX_G3_T1_3&apos;=1)&amp;(CTX_G3_T1_4&apos;=1)+(1-CTX_13):(sG3_T1&apos;=1),&#10;[]sG3_T1=1-&gt;CTX_14:(sG3_T1&apos;=2)&amp;(CTX_G3_T1_2&apos;=1)&amp;(CTX_G3_T1_3&apos;=1)&amp;(CTX_G3_T1_4&apos;=1)+(1-CTX_14):(sG3_T1&apos;=1),&#10;[]sG3_T1=1-&gt;CTX_15:(sG3_T1&apos;=2)&amp;(CTX_G3_T1_1&apos;=1)&amp;(CTX_G3_T1_2&apos;=1)&amp;(CTX_G3_T1_3&apos;=1)&amp;(CTX_G3_T1_4&apos;=1)+(1-CTX_15):(sG3_T1&apos;=1),&#10;[]sG3_T1=1-&gt;CTX_16:(sG3_T1&apos;=2)&amp;(CTX_G3_T1_X&apos;=1)+(1-CTX_16):(sG3_T1&apos;=1),&#10;[]sG3_T1=1-&gt;CTX_17:(sG3_T1&apos;=2)&amp;(CTX_G3_T1_1&apos;=1)&amp;(CTX_G3_T1_X&apos;=1)+(1-CTX_17):(sG3_T1&apos;=1),&#10;[]sG3_T1=1-&gt;CTX_18:(sG3_T1&apos;=2)&amp;(CTX_G3_T1_2&apos;=1)&amp;(CTX_G3_T1_X&apos;=1)+(1-CTX_18):(sG3_T1&apos;=1),&#10;[]sG3_T1=1-&gt;CTX_19:(sG3_T1&apos;=2)&amp;(CTX_G3_T1_1&apos;=1)&amp;(CTX_G3_T1_2&apos;=1)&amp;(CTX_G3_T1_X&apos;=1)+(1-CTX_19):(sG3_T1&apos;=1),&#10;[]sG3_T1=1-&gt;CTX_20:(sG3_T1&apos;=2)&amp;(CTX_G3_T1_3&apos;=1)&amp;(CTX_G3_T1_X&apos;=1)+(1-CTX_20):(sG3_T1&apos;=1),&#10;[]sG3_T1=1-&gt;CTX_21:(sG3_T1&apos;=2)&amp;(CTX_G3_T1_1&apos;=1)&amp;(CTX_G3_T1_3&apos;=1)&amp;(CTX_G3_T1_X&apos;=1)+(1-CTX_21):(sG3_T1&apos;=1),&#10;[]sG3_T1=1-&gt;CTX_22:(sG3_T1&apos;=2)&amp;(CTX_G3_T1_2&apos;=1)&amp;(CTX_G3_T1_3&apos;=1)&amp;(CTX_G3_T1_X&apos;=1)+(1-CTX_22):(sG3_T1&apos;=1),&#10;[]sG3_T1=1-&gt;CTX_23:(sG3_T1&apos;=2)&amp;(CTX_G3_T1_1&apos;=1)&amp;(CTX_G3_T1_2&apos;=1)&amp;(CTX_G3_T1_3&apos;=1)&amp;(CTX_G3_T1_X&apos;=1)+(1-CTX_23):(sG3_T1&apos;=1),&#10;[]sG3_T1=1-&gt;CTX_24:(sG3_T1&apos;=2)&amp;(CTX_G3_T1_4&apos;=1)&amp;(CTX_G3_T1_X&apos;=1)+(1-CTX_24):(sG3_T1&apos;=1),&#10;[]sG3_T1=1-&gt;CTX_25:(sG3_T1&apos;=2)&amp;(CTX_G3_T1_1&apos;=1)&amp;(CTX_G3_T1_4&apos;=1)&amp;(CTX_G3_T1_X&apos;=1)+(1-CTX_25):(sG3_T1&apos;=1),&#10;[]sG3_T1=1-&gt;CTX_26:(sG3_T1&apos;=2)&amp;(CTX_G3_T1_2&apos;=1)&amp;(CTX_G3_T1_4&apos;=1)&amp;(CTX_G3_T1_X&apos;=1)+(1-CTX_26):(sG3_T1&apos;=1),&#10;[]sG3_T1=1-&gt;CTX_27:(sG3_T1&apos;=2)&amp;(CTX_G3_T1_1&apos;=1)&amp;(CTX_G3_T1_2&apos;=1)&amp;(CTX_G3_T1_4&apos;=1)&amp;(CTX_G3_T1_X&apos;=1)+(1-CTX_27):(sG3_T1&apos;=1),&#10;[]sG3_T1=1-&gt;CTX_28:(sG3_T1&apos;=2)&amp;(CTX_G3_T1_3&apos;=1)&amp;(CTX_G3_T1_4&apos;=1)&amp;(CTX_G3_T1_X&apos;=1)+(1-CTX_28):(sG3_T1&apos;=1),&#10;[]sG3_T1=1-&gt;CTX_29:(sG3_T1&apos;=2)&amp;(CTX_G3_T1_1&apos;=1)&amp;(CTX_G3_T1_3&apos;=1)&amp;(CTX_G3_T1_4&apos;=1)&amp;(CTX_G3_T1_X&apos;=1)+(1-CTX_29):(sG3_T1&apos;=1),&#10;[]sG3_T1=1-&gt;CTX_30:(sG3_T1&apos;=2)&amp;(CTX_G3_T1_2&apos;=1)&amp;(CTX_G3_T1_3&apos;=1)&amp;(CTX_G3_T1_4&apos;=1)&amp;(CTX_G3_T1_X&apos;=1)+(1-CTX_30):(sG3_T1&apos;=1),&#10;[]sG3_T1=1-&gt;CTX_31:(sG3_T1&apos;=2)&amp;(CTX_G3_T1_1&apos;=1)&amp;(CTX_G3_T1_2&apos;=1)&amp;(CTX_G3_T1_3&apos;=1)&amp;(CTX_G3_T1_4&apos;=1)&amp;(CTX_G3_T1_X&apos;=1)+(1-CTX_31):(sG3_T1&apos;=1),&#10;[]sG3_T1=1-&gt;(sG3_T1&apos;=2),&#10;//nouncertaintyholding[next_1]sG3_T1=2-&gt;(sG3_T1&apos;=2),&#10;endmoduleconstdoubleR_G3_T1_11,&#10;moduleG3_T1_11_ReadDatasG3_T1_11:[0..4]init0,&#10;[next_1]sG3_T1_11=0-&gt;(sG3_T1_11&apos;=1),&#10;//inittorunning[]sG3_T1_11=1-&gt;R_G3_T1_11:(sG3_T1_11&apos;=2)+(1-R_G3_T1_11):(sG3_T1_11&apos;=4),&#10;//runningtofinalstate[next_2]sG3_T1_11=2-&gt;(sG3_T1_11&apos;=2),&#10;//finalstatesuccess[next_2]sG3_T1_11=3-&gt;(sG3_T1_11&apos;=3),&#10;//finalstateskipped[next_2]sG3_T1_11=4-&gt;(sG3_T1_11&apos;=4),&#10;//finalstatefailureendmoduleconstdoubleR_G3_T1_12,&#10;moduleG3_T1_12_FilterDatasG3_T1_12:[0..4]init0,&#10;[next_2]sG3_T1_12=0-&gt;(sG3_T1_12&apos;=1),&#10;//inittorunning[]sG3_T1_12=1-&gt;R_G3_T1_12:(sG3_T1_12&apos;=2)+(1-R_G3_T1_12):(sG3_T1_12&apos;=4),&#10;//runningtofinalstate[next_3]sG3_T1_12=2-&gt;(sG3_T1_12&apos;=2),&#10;//finalstatesuccess[next_3]sG3_T1_12=3-&gt;(sG3_T1_12&apos;=3),&#10;//finalstateskipped[next_3]sG3_T1_12=4-&gt;(sG3_T1_12&apos;=4),&#10;//finalstatefailureendmoduleconstdoubleR_G3_T1_13,&#10;moduleG3_T1_13_TransferDatasG3_T1_13:[0..4]init0,&#10;[next_3]sG3_T1_13=0-&gt;(sG3_T1_13&apos;=1),&#10;//inittorunning[]sG3_T1_13=1-&gt;R_G3_T1_13:(sG3_T1_13&apos;=2)+(1-R_G3_T1_13):(sG3_T1_13&apos;=4),&#10;//runningtofinalstate[next_4]sG3_T1_13=2-&gt;(sG3_T1_13&apos;=2),&#10;//finalstatesuccess[next_4]sG3_T1_13=3-&gt;(sG3_T1_13&apos;=3),&#10;//finalstateskipped[next_4]sG3_T1_13=4-&gt;(sG3_T1_13&apos;=4),&#10;//finalstatefailureendmoduleconstdoubleR_G3_T1_21,&#10;moduleG3_T1_21_ReadDatasG3_T1_21:[0..4]init0,&#10;[next_1]sG3_T1_21=0-&gt;(sG3_T1_21&apos;=1),&#10;//inittorunning[]sG3_T1_21=1-&gt;R_G3_T1_21:(sG3_T1_21&apos;=2)+(1-R_G3_T1_21):(sG3_T1_21&apos;=4),&#10;//runningtofinalstate[next_2]sG3_T1_21=2-&gt;(sG3_T1_21&apos;=2),&#10;//finalstatesuccess[next_2]sG3_T1_21=3-&gt;(sG3_T1_21&apos;=3),&#10;//finalstateskipped[next_2]sG3_T1_21=4-&gt;(sG3_T1_21&apos;=4),&#10;//finalstatefailureendmoduleconstdoubleR_G3_T1_22,&#10;moduleG3_T1_22_FilterDatasG3_T1_22:[0..4]init0,&#10;[next_2]sG3_T1_22=0-&gt;(sG3_T1_22&apos;=1),&#10;//inittorunning[]sG3_T1_22=1-&gt;R_G3_T1_22:(sG3_T1_22&apos;=2)+(1-R_G3_T1_22):(sG3_T1_22&apos;=4),&#10;//runningtofinalstate[next_3]sG3_T1_22=2-&gt;(sG3_T1_22&apos;=2),&#10;//finalstatesuccess[next_3]sG3_T1_22=3-&gt;(sG3_T1_22&apos;=3),&#10;//finalstateskipped[next_3]sG3_T1_22=4-&gt;(sG3_T1_22&apos;=4),&#10;//finalstatefailureendmoduleconstdoubleR_G3_T1_23,&#10;moduleG3_T1_23_TransferDatasG3_T1_23:[0..4]init0,&#10;[next_3]sG3_T1_23=0-&gt;(sG3_T1_23&apos;=1),&#10;//inittorunning[]sG3_T1_23=1-&gt;R_G3_T1_23:(sG3_T1_23&apos;=2)+(1-R_G3_T1_23):(sG3_T1_23&apos;=4),&#10;//runningtofinalstate[next_4]sG3_T1_23=2-&gt;(sG3_T1_23&apos;=2),&#10;//finalstatesuccess[next_4]sG3_T1_23=3-&gt;(sG3_T1_23&apos;=3),&#10;//finalstateskipped[next_4]sG3_T1_23=4-&gt;(sG3_T1_23&apos;=4),&#10;//finalstatefailureendmoduleconstdoubleR_G3_T1_31,&#10;moduleG3_T1_31_ReadDatasG3_T1_31:[0..4]init0,&#10;[next_1]sG3_T1_31=0-&gt;(sG3_T1_31&apos;=1),&#10;//inittorunning[]sG3_T1_31=1-&gt;R_G3_T1_31:(sG3_T1_31&apos;=2)+(1-R_G3_T1_31):(sG3_T1_31&apos;=4),&#10;//runningtofinalstate[next_2]sG3_T1_31=2-&gt;(sG3_T1_31&apos;=2),&#10;//finalstatesuccess[next_2]sG3_T1_31=3-&gt;(sG3_T1_31&apos;=3),&#10;//finalstateskipped[next_2]sG3_T1_31=4-&gt;(sG3_T1_31&apos;=4),&#10;//finalstatefailureendmoduleconstdoubleR_G3_T1_32,&#10;moduleG3_T1_32_FilterDatasG3_T1_32:[0..4]init0,&#10;[next_2]sG3_T1_32=0-&gt;(sG3_T1_32&apos;=1),&#10;//inittorunning[]sG3_T1_32=1-&gt;R_G3_T1_32:(sG3_T1_32&apos;=2)+(1-R_G3_T1_32):(sG3_T1_32&apos;=4),&#10;//runningtofinalstate[next_3]sG3_T1_32=2-&gt;(sG3_T1_32&apos;=2),&#10;//finalstatesuccess[next_3]sG3_T1_32=3-&gt;(sG3_T1_32&apos;=3),&#10;//finalstateskipped[next_3]sG3_T1_32=4-&gt;(sG3_T1_32&apos;=4),&#10;//finalstatefailureendmoduleconstdoubleR_G3_T1_33,&#10;moduleG3_T1_33_TransferDatasG3_T1_33:[0..4]init0,&#10;[next_3]sG3_T1_33=0-&gt;(sG3_T1_33&apos;=1),&#10;//inittorunning[]sG3_T1_33=1-&gt;R_G3_T1_33:(sG3_T1_33&apos;=2)+(1-R_G3_T1_33):(sG3_T1_33&apos;=4),&#10;//runningtofinalstate[next_4]sG3_T1_33=2-&gt;(sG3_T1_33&apos;=2),&#10;//finalstatesuccess[next_4]sG3_T1_33=3-&gt;(sG3_T1_33&apos;=3),&#10;//finalstateskipped[next_4]sG3_T1_33=4-&gt;(sG3_T1_33&apos;=4),&#10;//finalstatefailureendmoduleconstdoubleR_G3_T1_411,&#10;moduleG3_T1_411_ReadDiastolicsG3_T1_411:[0..4]init0,&#10;[next_1]sG3_T1_411=0-&gt;(sG3_T1_411&apos;=1),&#10;//inittorunning[]sG3_T1_411=1-&gt;R_G3_T1_411:(sG3_T1_411&apos;=2)+(1-R_G3_T1_411):(sG3_T1_411&apos;=4),&#10;//runningtofinalstate[next_2]sG3_T1_411=2-&gt;(sG3_T1_411&apos;=2),&#10;//finalstatesuccess[next_2]sG3_T1_411=3-&gt;(sG3_T1_411&apos;=3),&#10;//finalstateskipped[next_2]sG3_T1_411=4-&gt;(sG3_T1_411&apos;=4),&#10;//finalstatefailureendmoduleconstdoubleR_G3_T1_412,&#10;moduleG3_T1_412_ReadSystolicsG3_T1_412:[0..4]init0,&#10;[next_2]sG3_T1_412=0-&gt;(sG3_T1_412&apos;=1),&#10;//inittorunning[]sG3_T1_412=1-&gt;R_G3_T1_412:(sG3_T1_412&apos;=2)+(1-R_G3_T1_412):(sG3_T1_412&apos;=4),&#10;//runningtofinalstate[next_3]sG3_T1_412=2-&gt;(sG3_T1_412&apos;=2),&#10;//finalstatesuccess[next_3]sG3_T1_412=3-&gt;(sG3_T1_412&apos;=3),&#10;//finalstateskipped[next_3]sG3_T1_412=4-&gt;(sG3_T1_412&apos;=4),&#10;//finalstatefailureendmoduleconstdoubleR_G3_T1_42,&#10;moduleG3_T1_42_FilterDatasG3_T1_42:[0..4]init0,&#10;[next_3]sG3_T1_42=0-&gt;(sG3_T1_42&apos;=1),&#10;//inittorunning[]sG3_T1_42=1-&gt;R_G3_T1_42:(sG3_T1_42&apos;=2)+(1-R_G3_T1_42):(sG3_T1_42&apos;=4),&#10;//runningtofinalstate[next_4]sG3_T1_42=2-&gt;(sG3_T1_42&apos;=2),&#10;//finalstatesuccess[next_4]sG3_T1_42=3-&gt;(sG3_T1_42&apos;=3),&#10;//finalstateskipped[next_4]sG3_T1_42=4-&gt;(sG3_T1_42&apos;=4),&#10;//finalstatefailureendmoduleconstdoubleR_G3_T1_43,&#10;moduleG3_T1_43_TransferDatasG3_T1_43:[0..4]init0,&#10;[next_4]sG3_T1_43=0-&gt;(sG3_T1_43&apos;=1),&#10;//inittorunning[]sG3_T1_43=1-&gt;R_G3_T1_43:(sG3_T1_43&apos;=2)+(1-R_G3_T1_43):(sG3_T1_43&apos;=4),&#10;//runningtofinalstate[next_5]sG3_T1_43=2-&gt;(sG3_T1_43&apos;=2),&#10;//finalstatesuccess[next_5]sG3_T1_43=3-&gt;(sG3_T1_43&apos;=3),&#10;//finalstateskipped[next_5]sG3_T1_43=4-&gt;(sG3_T1_43&apos;=4),&#10;//finalstatefailureendmoduleconstintOPT_G3_T1_X,&#10;constdoubleR_G3_T1_X,&#10;moduleG3_T1_X_UnknownsG3_T1_X:[0..4]init0,&#10;[next_1]sG3_T1_X=0-&gt;OPT_G3_T1_X*CTX_G3_T1_X:(sG3_T1_X&apos;=1)+(1-OPT_G3_T1_X*CTX_G3_T1_X):(sG3_T1_X&apos;=3),&#10;//inittorunningorskip[]sG3_T1_X=1-&gt;R_G3_T1_X:(sG3_T1_X&apos;=2)+(1-R_G3_T1_X):(sG3_T1_X&apos;=4),&#10;//runningtofinalstate[next_2]sG3_T1_X=2-&gt;(sG3_T1_X&apos;=2),&#10;//finalstatesuccess[next_2]sG3_T1_X=3-&gt;(sG3_T1_X&apos;=3),&#10;//finalstateskipped[next_2]sG3_T1_X=4-&gt;(sG3_T1_X&apos;=4),&#10;//finalstatefailureendmoduleformulaG3=(((sG3_T1_11=2)&amp;(sG3_T1_12=2)&amp;(sG3_T1_13=2))|((sG3_T1_21=2)&amp;(sG3_T1_22=2)&amp;(sG3_T1_23=2))|((sG3_T1_31=2)&amp;(sG3_T1_32=2)&amp;(sG3_T1_33=2))|(((sG3_T1_411=2)&amp;(sG3_T1_412=2))&amp;(sG3_T1_42=2)&amp;(sG3_T1_43=2))),&#10;constdoubleR_G4_T1_1,&#10;moduleG4_T1_1_FuseSensorsDatasG4_T1_1:[0..4]init0,&#10;[next_5](G3)&amp;sG4_T1_1=0-&gt;(sG4_T1_1&apos;=1),&#10;//inittorunning[next_5]!(G3)&amp;sG4_T1_1=0-&gt;(sG4_T1_1&apos;=3),&#10;//inittoskip[]sG4_T1_1=1-&gt;R_G4_T1_1:(sG4_T1_1&apos;=2)+(1-R_G4_T1_1):(sG4_T1_1&apos;=4),&#10;//runningtofinalstate[next_6]sG4_T1_1=2-&gt;(sG4_T1_1&apos;=2),&#10;//finalstatesuccess[next_6]sG4_T1_1=3-&gt;(sG4_T1_1&apos;=3),&#10;//finalstateskipped[next_6]sG4_T1_1=4-&gt;(sG4_T1_1&apos;=4),&#10;//finalstatefailureendmoduleconstdoubleR_G4_T1_2,&#10;moduleG4_T1_2_DetectPatientStatussG4_T1_2:[0..4]init0,&#10;[next_6](G3)&amp;sG4_T1_2=0-&gt;(sG4_T1_2&apos;=1),&#10;//inittorunning[next_6]!(G3)&amp;sG4_T1_2=0-&gt;(sG4_T1_2&apos;=3),&#10;//inittoskip[]sG4_T1_2=1-&gt;R_G4_T1_2:(sG4_T1_2&apos;=2)+(1-R_G4_T1_2):(sG4_T1_2&apos;=4),&#10;//runningtofinalstate[next_7]sG4_T1_2=2-&gt;(sG4_T1_2&apos;=2),&#10;//finalstatesuccess[next_7]sG4_T1_2=3-&gt;(sG4_T1_2&apos;=3),&#10;//finalstateskipped[next_7]sG4_T1_2=4-&gt;(sG4_T1_2&apos;=4),&#10;//finalstatefailureendmoduleconstdoubleR_G4_T1_3,&#10;moduleG4_T1_3_PersistDatasG4_T1_3:[0..4]init0,&#10;[next_7](G3)&amp;sG4_T1_3=0-&gt;(sG4_T1_3&apos;=1),&#10;//inittorunning[next_7]!(G3)&amp;sG4_T1_3=0-&gt;(sG4_T1_3&apos;=3),&#10;//inittoskip[]sG4_T1_3=1-&gt;R_G4_T1_3:(sG4_T1_3&apos;=2)+(1-R_G4_T1_3):(sG4_T1_3&apos;=4),&#10;//runningtofinalstate[next_8]sG4_T1_3=2-&gt;(sG4_T1_3&apos;=2),&#10;//finalstatesuccess[next_8]sG4_T1_3=3-&gt;(sG4_T1_3&apos;=3),&#10;//finalstateskipped[next_8]sG4_T1_3=4-&gt;(sG4_T1_3&apos;=4),&#10;//finalstatefailureendmoduleformulaG4=((sG4_T1_1=2)&amp;(sG4_T1_2=2)&amp;(sG4_T1_3=2)),&#10;formulaG2=G3&amp;G4,&#10;formulaG1=G2,&#10;label&quot;success&quot;=G1,&#10;constdoubleW_G3_T1_11,&#10;constdoubleW_G3_T1_12,&#10;constdoubleW_G3_T1_13,&#10;constdoubleW_G3_T1_21,&#10;constdoubleW_G3_T1_22,&#10;constdoubleW_G3_T1_23,&#10;constdoubleW_G3_T1_31,&#10;constdoubleW_G3_T1_32,&#10;constdoubleW_G3_T1_33,&#10;constdoubleW_G3_T1_411,&#10;constdoubleW_G3_T1_412,&#10;constdoubleW_G3_T1_42,&#10;constdoubleW_G3_T1_43,&#10;constdoubleW_G3_T1_X,&#10;constdoubleW_G4_T1_1,&#10;constdoubleW_G4_T1_2,&#10;constdoubleW_G4_T1_3,&#10;rewards&quot;cost&quot;sG3_T1_11=1:W_G3_T1_11,&#10;sG3_T1_12=1:W_G3_T1_12,&#10;sG3_T1_13=1:W_G3_T1_13,&#10;sG3_T1_21=1:W_G3_T1_21,&#10;sG3_T1_22=1:W_G3_T1_22,&#10;sG3_T1_23=1:W_G3_T1_23,&#10;sG3_T1_31=1:W_G3_T1_31,&#10;sG3_T1_32=1:W_G3_T1_32,&#10;sG3_T1_33=1:W_G3_T1_33,&#10;sG3_T1_411=1:W_G3_T1_411,&#10;sG3_T1_412=1:W_G3_T1_412,&#10;sG3_T1_42=1:W_G3_T1_42,&#10;sG3_T1_43=1:W_G3_T1_43,&#10;sG3_T1_X=1:W_G3_T1_X,&#10;sG4_T1_1=1:W_G4_T1_1,&#10;sG4_T1_2=1:W_G4_T1_2,&#10;sG4_T1_3=1:W_G4_T1_3,&#10;endrewards,&#10;CostMin.pctl=R{&quot;cost&quot;}min=?[F&quot;success&quot;]}&gt; but was: &lt;{CostMax.pctl=R{&quot;cost&quot;}max=?[F&quot;success&quot;],&#10;ReachabilityMax.pctl=Pmax=?[F&quot;success&quot;],&#10;ReachabilityMin.pctl=Pmin=?[F&quot;success&quot;],&#10;BSN.nm=mdpconstintCTX_1,&#10;//SaO2_sensor=trueconstintCTX_2,&#10;//ECG_sensor=trueconstintCTX_3,&#10;//SaO2_sensor=true&amp;ECG_sensor=trueconstintCTX_4,&#10;//TEMP_sensor=trueconstintCTX_5,&#10;//SaO2_sensor=true&amp;TEMP_sensor=trueconstintCTX_6,&#10;//ECG_sensor=true&amp;TEMP_sensor=trueconstintCTX_7,&#10;//SaO2_sensor=true&amp;ECG_sensor=true&amp;TEMP_sensor=trueconstintCTX_8,&#10;//ABP_sensor=trueconstintCTX_9,&#10;//SaO2_sensor=true&amp;ABP_sensor=trueconstintCTX_10,&#10;//ECG_sensor=true&amp;ABP_sensor=trueconstintCTX_11,&#10;//SaO2_sensor=true&amp;ECG_sensor=true&amp;ABP_sensor=trueconstintCTX_12,&#10;//TEMP_sensor=true&amp;ABP_sensor=trueconstintCTX_13,&#10;//SaO2_sensor=true&amp;TEMP_sensor=true&amp;ABP_sensor=trueconstintCTX_14,&#10;//ECG_sensor=true&amp;TEMP_sensor=true&amp;ABP_sensor=trueconstintCTX_15,&#10;//SaO2_sensor=true&amp;ECG_sensor=true&amp;TEMP_sensor=true&amp;ABP_sensor=trueconstintCTX_16,&#10;//Unknown_sensor=trueconstintCTX_17,&#10;//SaO2_sensor=true&amp;Unknown_sensor=trueconstintCTX_18,&#10;//ECG_sensor=true&amp;Unknown_sensor=trueconstintCTX_19,&#10;//SaO2_sensor=true&amp;ECG_sensor=true&amp;Unknown_sensor=trueconstintCTX_20,&#10;//TEMP_sensor=true&amp;Unknown_sensor=trueconstintCTX_21,&#10;//SaO2_sensor=true&amp;TEMP_sensor=true&amp;Unknown_sensor=trueconstintCTX_22,&#10;//ECG_sensor=true&amp;TEMP_sensor=true&amp;Unknown_sensor=trueconstintCTX_23,&#10;//SaO2_sensor=true&amp;ECG_sensor=true&amp;TEMP_sensor=true&amp;Unknown_sensor=trueconstintCTX_24,&#10;//ABP_sensor=true&amp;Unknown_sensor=trueconstintCTX_25,&#10;//SaO2_sensor=true&amp;ABP_sensor=true&amp;Unknown_sensor=trueconstintCTX_26,&#10;//ECG_sensor=true&amp;ABP_sensor=true&amp;Unknown_sensor=trueconstintCTX_27,&#10;//SaO2_sensor=true&amp;ECG_sensor=true&amp;ABP_sensor=true&amp;Unknown_sensor=trueconstintCTX_28,&#10;//TEMP_sensor=true&amp;ABP_sensor=true&amp;Unknown_sensor=trueconstintCTX_29,&#10;//SaO2_sensor=true&amp;TEMP_sensor=true&amp;ABP_sensor=true&amp;Unknown_sensor=trueconstintCTX_30,&#10;//ECG_sensor=true&amp;TEMP_sensor=true&amp;ABP_sensor=true&amp;Unknown_sensor=trueconstintCTX_31,&#10;//SaO2_sensor=true&amp;ECG_sensor=true&amp;TEMP_sensor=true&amp;ABP_sensor=true&amp;Unknown_sensor=trueglobalCTX_G3_T1_1:[0..1]init0,&#10;globalCTX_G3_T1_2:[0..1]init0,&#10;globalCTX_G3_T1_3:[0..1]init0,&#10;globalCTX_G3_T1_4:[0..1]init0,&#10;globalCTX_G3_T1_X:[0..1]init0,&#10;moduleNonDeterminism_G3_T1sG3_T1:[0..2]init0,&#10;[next_0]sG3_T1=0-&gt;(sG3_T1&apos;=1),&#10;[]sG3_T1=1-&gt;CTX_1:(sG3_T1&apos;=2)&amp;(CTX_G3_T1_1&apos;=1)+(1-CTX_1):(sG3_T1&apos;=1),&#10;[]sG3_T1=1-&gt;CTX_2:(sG3_T1&apos;=2)&amp;(CTX_G3_T1_2&apos;=1)+(1-CTX_2):(sG3_T1&apos;=1),&#10;[]sG3_T1=1-&gt;CTX_3:(sG3_T1&apos;=2)&amp;(CTX_G3_T1_1&apos;=1)&amp;(CTX_G3_T1_2&apos;=1)+(1-CTX_3):
[...]
//finalstatesuccess[next_3]sG3_T1_22=3->(sG3_T1_22'=3),
//finalstateskipped[next_3]sG3_T1_22=4->(sG3_T1_22'=4),
//finalstatefailureendmoduleconstdoubleR_G3_T1_23,
moduleG3_T1_23_TransferDatasG3_T1_23:[0..4]init0,
[next_3]sG3_T1_23=0->(sG3_T1_23'=1),
//inittorunning[]sG3_T1_23=1->R_G3_T1_23:(sG3_T1_23'=2)+(1-R_G3_T1_23):(sG3_T1_23'=4),
//runningtofinalstate[next_4]sG3_T1_23=2->(sG3_T1_23'=2),
//finalstatesuccess[next_4]sG3_T1_23=3->(sG3_T1_23'=3),
//finalstateskipped[next_4]sG3_T1_23=4->(sG3_T1_23'=4),
//finalstatefailureendmoduleconstdoubleR_G3_T1_31,
moduleG3_T1_31_ReadDatasG3_T1_31:[0..4]init0,
[next_1]sG3_T1_31=0->(sG3_T1_31'=1),
//inittorunning[]sG3_T1_31=1->R_G3_T1_31:(sG3_T1_31'=2)+(1-R_G3_T1_31):(sG3_T1_31'=4),
//runningtofinalstate[next_2]sG3_T1_31=2->(sG3_T1_31'=2),
//finalstatesuccess[next_2]sG3_T1_31=3->(sG3_T1_31'=3),
//finalstateskipped[next_2]sG3_T1_31=4->(sG3_T1_31'=4),
//finalstatefailureendmoduleconstdoubleR_G3_T1_32,
moduleG3_T1_32_FilterDatasG3_T1_32:[0..4]init0,
[next_2]sG3_T1_32=0->(sG3_T1_32'=1),
//inittorunning[]sG3_T1_32=1->R_G3_T1_32:(sG3_T1_32'=2)+(1-R_G3_T1_32):(sG3_T1_32'=4),
//runningtofinalstate[next_3]sG3_T1_32=2->(sG3_T1_32'=2),
//finalstatesuccess[next_3]sG3_T1_32=3->(sG3_T1_32'=3),
//finalstateskipped[next_3]sG3_T1_32=4->(sG3_T1_32'=4),
//finalstatefailureendmoduleconstdoubleR_G3_T1_33,
moduleG3_T1_33_TransferDatasG3_T1_33:[0..4]init0,
[next_3]sG3_T1_33=0->(sG3_T1_33'=1),
//inittorunning[]sG3_T1_33=1->R_G3_T1_33:(sG3_T1_33'=2)+(1-R_G3_T1_33):(sG3_T1_33'=4),
//runningtofinalstate[next_4]sG3_T1_33=2->(sG3_T1_33'=2),
//finalstatesuccess[next_4]sG3_T1_33=3->(sG3_T1_33'=3),
//finalstateskipped[next_4]sG3_T1_33=4->(sG3_T1_33'=4),
//finalstatefailureendmoduleconstdoubleR_G3_T1_411,
moduleG3_T1_411_ReadDiastolicsG3_T1_411:[0..4]init0,
[next_1]sG3_T1_411=0->(sG3_T1_411'=1),
//inittorunning[]sG3_T1_411=1->R_G3_T1_411:(sG3_T1_411'=2)+(1-R_G3_T1_411):(sG3_T1_411'=4),
//runningtofinalstate[next_2]sG3_T1_411=2->(sG3_T1_411'=2),
//finalstatesuccess[next_2]sG3_T1_411=3->(sG3_T1_411'=3),
//finalstateskipped[next_2]sG3_T1_411=4->(sG3_T1_411'=4),
//finalstatefailureendmoduleconstdoubleR_G3_T1_412,
moduleG3_T1_412_ReadSystolicsG3_T1_412:[0..4]init0,
[next_2]sG3_T1_412=0->(sG3_T1_412'=1),
//inittorunning[]sG3_T1_412=1->R_G3_T1_412:(sG3_T1_412'=2)+(1-R_G3_T1_412):(sG3_T1_412'=4),
//runningtofinalstate[next_3]sG3_T1_412=2->(sG3_T1_412'=2),
//finalstatesuccess[next_3]sG3_T1_412=3->(sG3_T1_412'=3),
//finalstateskipped[next_3]sG3_T1_412=4->(sG3_T1_412'=4),
//finalstatefailureendmoduleconstdoubleR_G3_T1_42,
moduleG3_T1_42_FilterDatasG3_T1_42:[0..4]init0,
[next_3]sG3_T1_42=0->(sG3_T1_42'=1),
//inittorunning[]sG3_T1_42=1->R_G3_T1_42:(sG3_T1_42'=2)+(1-R_G3_T1_42):(sG3_T1_42'=4),
//runningtofinalstate[next_4]sG3_T1_42=2->(sG3_T1_42'=2),
//finalstatesuccess[next_4]sG3_T1_42=3->(sG3_T1_42'=3),
//finalstateskipped[next_4]sG3_T1_42=4->(sG3_T1_42'=4),
//finalstatefailureendmoduleconstdoubleR_G3_T1_43,
moduleG3_T1_43_TransferDatasG3_T1_43:[0..4]init0,
[next_4]sG3_T1_43=0->(sG3_T1_43'=1),
//inittorunning[]sG3_T1_43=1->R_G3_T1_43:(sG3_T1_43'=2)+(1-R_G3_T1_43):(sG3_T1_43'=4),
//runningtofinalstate[next_5]sG3_T1_43=2->(sG3_T1_43'=2),
//finalstatesuccess[next_5]sG3_T1_43=3->(sG3_T1_43'=3),
//finalstateskipped[next_5]sG3_T1_43=4->(sG3_T1_43'=4),
//finalstatefailureendmoduleconstintOPT_G3_T1_X,
constdoubleR_G3_T1_X,
moduleG3_T1_X_UnknownsG3_T1_X:[0..4]init0,
[next_1]sG3_T1_X=0->OPT_G3_T1_X*CTX_G3_T1_X:(sG3_T1_X'=1)+(1-OPT_G3_T1_X*CTX_G3_T1_X):(sG3_T1_X'=3),
//inittorunningorskip[]sG3_T1_X=1->R_G3_T1_X:(sG3_T1_X'=2)+(1-R_G3_T1_X):(sG3_T1_X'=4),
//runningtofinalstate[next_2]sG3_T1_X=2->(sG3_T1_X'=2),
//finalstatesuccess[next_2]sG3_T1_X=3->(sG3_T1_X'=3),
//finalstateskipped[next_2]sG3_T1_X=4->(sG3_T1_X'=4),
//finalstatefailureendmoduleformulaG3=(((sG3_T1_11=2)&(sG3_T1_12=2)&(sG3_T1_13=2))|((sG3_T1_21=2)&(sG3_T1_22=2)&(sG3_T1_23=2))|((sG3_T1_31=2)&(sG3_T1_32=2)&(sG3_T1_33=2))|(((sG3_T1_411=2)&(sG3_T1_412=2))&(sG3_T1_42=2)&(sG3_T1_43=2))),
constdoubleR_G4_T1_1,
moduleG4_T1_1_FuseSensorsDatasG4_T1_1:[0..4]init0,
[next_5](G3)&sG4_T1_1=0->(sG4_T1_1'=1),
//inittorunning[next_5]!(G3)&sG4_T1_1=0->(sG4_T1_1'=3),
//inittoskip[]sG4_T1_1=1->R_G4_T1_1:(sG4_T1_1'=2)+(1-R_G4_T1_1):(sG4_T1_1'=4),
//runningtofinalstate[next_6]sG4_T1_1=2->(sG4_T1_1'=2),
//finalstatesuccess[next_6]sG4_T1_1=3->(sG4_T1_1'=3),
//finalstateskipped[next_6]sG4_T1_1=4->(sG4_T1_1'=4),
//finalstatefailureendmoduleconstdoubleR_G4_T1_2,
moduleG4_T1_2_DetectPatientStatussG4_T1_2:[0..4]init0,
[next_6](G3)&sG4_T1_2=0->(sG4_T1_2'=1),
//inittorunning[next_6]!(G3)&sG4_T1_2=0->(sG4_T1_2'=3),
//inittoskip[]sG4_T1_2=1->R_G4_T1_2:(sG4_T1_2'=2)+(1-R_G4_T1_2):(sG4_T1_2'=4),
//runningtofinalstate[next_7]sG4_T1_2=2->(sG4_T1_2'=2),
//finalstatesuccess[next_7]sG4_T1_2=3->(sG4_T1_2'=3),
//finalstateskipped[next_7]sG4_T1_2=4->(sG4_T1_2'=4),
//finalstatefailureendmoduleconstdoubleR_G4_T1_3,
moduleG4_T1_3_PersistDatasG4_T1_3:[0..4]init0,
[next_7](G3)&sG4_T1_3=0->(sG4_T1_3'=1),
//inittorunning[next_7]!(G3)&sG4_T1_3=0->(sG4_T1_3'=3),
//inittoskip[]sG4_T1_3=1->R_G4_T1_3:(sG4_T1_3'=2)+(1-R_G4_T1_3):(sG4_T1_3'=4),
//runningtofinalstate[next_8]sG4_T1_3=2->(sG4_T1_3'=2),
//finalstatesuccess[next_8]sG4_T1_3=3->(sG4_T1_3'=3),
//finalstateskipped[next_8]sG4_T1_3=4->(sG4_T1_3'=4),
//finalstatefailureendmoduleformulaG4=((sG4_T1_1=2)&(sG4_T1_2=2)&(sG4_T1_3=2)),
formulaG2=G3&G4,
formulaG1=G2,
label"success"=G1,
constdoubleW_G3_T1_11,
constdoubleW_G3_T1_12,
constdoubleW_G3_T1_13,
constdoubleW_G3_T1_21,
constdoubleW_G3_T1_22,
constdoubleW_G3_T1_23,
constdoubleW_G3_T1_31,
constdoubleW_G3_T1_32,
constdoubleW_G3_T1_33,
constdoubleW_G3_T1_411,
constdoubleW_G3_T1_412,
constdoubleW_G3_T1_42,
constdoubleW_G3_T1_43,
constdoubleW_G3_T1_X,
constdoubleW_G4_T1_1,
constdoubleW_G4_T1_2,
constdoubleW_G4_T1_3,
rewards"cost"sG3_T1_11=1:W_G3_T1_11,
sG3_T1_12=1:W_G3_T1_12,
sG3_T1_13=1:W_G3_T1_13,
sG3_T1_21=1:W_G3_T1_21,
sG3_T1_22=1:W_G3_T1_22,
sG3_T1_23=1:W_G3_T1_23,
sG3_T1_31=1:W_G3_T1_31,
sG3_T1_32=1:W_G3_T1_32,
sG3_T1_33=1:W_G3_T1_33,
sG3_T1_411=1:W_G3_T1_411,
sG3_T1_412=1:W_G3_T1_412,
sG3_T1_42=1:W_G3_T1_42,
sG3_T1_43=1:W_G3_T1_43,
sG3_T1_X=1:W_G3_T1_X,
sG4_T1_1=1:W_G4_T1_1,
sG4_T1_2=1:W_G4_T1_2,
sG4_T1_3=1:W_G4_T1_3,
endrewards,
CostMin.pctl=R{"cost"}min=?[F"success"]}> but was: <{CostMax.pctl=R{"cost"}max=?[F"success"],
ReachabilityMax.pctl=Pmax=?[F"success"],
ReachabilityMin.pctl=Pmin=?[F"success"],
BSN.nm=mdpconstintCTX_1,
//SaO2_sensor=trueconstintCTX_2,
//ECG_sensor=trueconstintCTX_3,
//SaO2_sensor=true&ECG_sensor=trueconstintCTX_4,
//TEMP_sensor=trueconstintCTX_5,
//SaO2_sensor=true&TEMP_sensor=trueconstintCTX_6,
//ECG_sensor=true&TEMP_sensor=trueconstintCTX_7,
//SaO2_sensor=true&ECG_sensor=true&TEMP_sensor=trueconstintCTX_8,
//ABP_sensor=trueconstintCTX_9,
//SaO2_sensor=true&ABP_sensor=trueconstintCTX_10,
//ECG_sensor=true&ABP_sensor=trueconstintCTX_11,
//SaO2_sensor=true&ECG_sensor=true&ABP_sensor=trueconstintCTX_12,
//TEMP_sensor=true&ABP_sensor=trueconstintCTX_13,
//SaO2_sensor=true&TEMP_sensor=true&ABP_sensor=trueconstintCTX_14,
//ECG_sensor=true&TEMP_sensor=true&ABP_sensor=trueconstintCTX_15,
//SaO2_sensor=true&ECG_sensor=true&TEMP_sensor=true&ABP_sensor=trueconstintCTX_16,
//Unknown_sensor=trueconstintCTX_17,
//SaO2_sensor=true&Unknown_sensor=trueconstintCTX_18,
//ECG_sensor=true&Unknown_sensor=trueconstintCTX_19,
//SaO2_sensor=true&ECG_sensor=true&Unknown_sensor=trueconstintCTX_20,
//TEMP_sensor=true&Unknown_sensor=trueconstintCTX_21,
//SaO2_sensor=true&TEMP_sensor=true&Unknown_sensor=trueconstintCTX_22,
//ECG_sensor=true&TEMP_sensor=true&Unknown_sensor=trueconstintCTX_23,
//SaO2_sensor=true&ECG_sensor=true&TEMP_sensor=true&Unknown_sensor=trueconstintCTX_24,
//ABP_sensor=true&Unknown_sensor=trueconstintCTX_25,
//SaO2_sensor=true&ABP_sensor=true&Unknown_sensor=trueconstintCTX_26,
//ECG_sensor=true&ABP_sensor=true&Unknown_sensor=trueconstintCTX_27,
//SaO2_sensor=true&ECG_sensor=true&ABP_sensor=true&Unknown_sensor=trueconstintCTX_28,
//TEMP_sensor=true&ABP_sensor=true&Unknown_sensor=trueconstintCTX_29,
//SaO2_sensor=true&TEMP_sensor=true&ABP_sensor=true&Unknown_sensor=trueconstintCTX_30,
//ECG_sensor=true&TEMP_sensor=true&ABP_sensor=true&Unknown_sensor=trueconstintCTX_31,
//SaO2_sensor=true&ECG_sensor=true&TEMP_sensor=true&ABP_sensor=true&Unknown_sensor=trueglobalCTX_G3_T1_1:[0..1]init0,
globalCTX_G3_T1_2:[0..1]init0,
globalCTX_G3_T1_3:[0..1]init0,
globalCTX_G3_T1_4:[0..1]init0,
globalCTX_G3_T1_X:[0..1]init0,
moduleNonDeterminism_G3_T1sG3_T1:[0..2]init0,
[next_0]sG3_T1=0->(sG3_T1'=1),
[]sG3_T1=1->CTX_1:(sG3_T1'=2)&(CTX_G3_T1_1'=1)+(1-CTX_1):(sG3_T1'=1),
[]sG3_T1=1->CTX_2:(sG3_T1'=2)&(CTX_G3_T1_2'=1)+(1-CTX_2):(sG3_T1'=1),
[]sG3_T1=1->CTX_3:(sG3_T1'=2)&(CTX_G3_T1_1'=1)&(CTX_G3_T1_2'=1)+(1-CTX_3):(sG3_T1'=1),
[]sG3_T1=1->CTX_4:(sG3_T1'=2)&(CTX_G3_T1_3'=1)+(1-CTX_4):(sG3_T1'=1),
[]sG3_T1=1->CTX_5:(sG3_T1'=2)&(CTX_G3_T1_1'=1)&(CTX_G3_T1_3'=1)+(1-CTX_5):(sG3_T1'=1),
[]sG3_T1=1->CTX_6:(sG3_T1'=2)&(CTX_G3_T1_2'=1)&(CTX_G3_T1_3'=1)+(1-CTX_6):(sG3_T1'=1),
[]sG3_T1=1->CTX_7:(sG3_T1'=2)&(CTX_G3_T1_1'=1)&(CTX_G3_T1_2'=1)&(CTX_G3_T1_3'=1)+(1-CTX_7):(sG3_T1'=1),
[]sG3_T1=1->CTX_8:(sG3_T1'=2)&(CTX_G3_T1_4'=1)+(1-CTX_8):(sG3_T1'=1),
[]sG3_T1=1->CTX_9:(sG3_T1'=2)&(CTX_G3_T1_1'=1)&(CTX_G3_T1_4'=1)+(1-CTX_9):(sG3_T1'=1),
[]sG3_T1=1->CTX_10:(sG3_T1'=2)&(CTX_G3_T1_2'=1)&(CTX_G3_T1_4'=1)+(1-CTX_10):(sG3_T1'=1),
[]sG3_T1=1->CTX_11:(sG3_T1'=2)&(CTX_G3_T1_1'=1)&(CTX_G3_T1_2'=1)&(CTX_G3_T1_4'=1)+(1-CTX_11):(sG3_T1'=1),
[]sG3_T1=1->CTX_12:(sG3_T1'=2)&(CTX_G3_T1_3'=1)&(CTX_G3_T1_4'=1)+(1-CTX_12):(sG3_T1'=1),
[]sG3_T1=1->CTX_13:(sG3_T1'=2)&(CTX_G3_T1_1'=1)&(CTX_G3_T1_3'=1)&(CTX_G3_T1_4'=1)+(1-CTX_13):(sG3_T1'=1),
[]sG3_T1=1->CTX_14:(sG3_T1'=2)&(CTX_G3_T1_2'=1)&(CTX_G3_T1_3'=1)&(CTX_G3_T1_4'=1)+(1-CTX_14):(sG3_T1'=1),
[]sG3_T1=1->CTX_15:(sG3_T1'=2)&(CTX_G3_T1_1'=1)&(CTX_G3_T1_2'=1)&(CTX_G3_T1_3'=1)&(CTX_G3_T1_4'=1)+(1-CTX_15):(sG3_T1'=1),
[]sG3_T1=1->CTX_16:(sG3_T1'=2)&(CTX_G3_T1_X'=1)+(1-CTX_16):(sG3_T1'=1),
[]sG3_T1=1->CTX_17:(sG3_T1'=2)&(CTX_G3_T1_1'=1)&(CTX_G3_T1_X'=1)+(1-CTX_17):(sG3_T1'=1),
[]sG3_T1=1->CTX_18:(sG3_T1'=2)&(CTX_G3_T1_2'=1)&(CTX_G3_T1_X'=1)+(1-CTX_18):(sG3_T1'=1),
[]sG3_T1=1->CTX_19:(sG3_T1'=2)&(CTX_G3_T1_1'=1)&(CTX_G3_T1_2'=1)&(CTX_G3_T1_X'=1)+(1-CTX_19):(sG3_T1'=1),
[]sG3_T1=1->CTX_20:(sG3_T1'=2)&(CTX_G3_T1_3'=1)&(CTX_G3_T1_X'=1)+(1-CTX_20):(sG3_T1'=1),
[]sG3_T1=1->CTX_21:(sG3_T1'=2)&(CTX_G3_T1_1'=1)&(CTX_G3_T1_3'=1)&(CTX_G3_T1_X'=1)+(1-CTX_21):(sG3_T1'=1),
[]sG3_T1=1->CTX_22:(sG3_T1'=2)&(CTX_G3_T1_2'=1)&(CTX_G3_T1_3'=1)&(CTX_G3_T1_X'=1)+(1-CTX_22):(sG3_T1'=1),
[]sG3_T1=1->CTX_23:(sG3_T1'=2)&(CTX_G3_T1_1'=1)&(CTX_G3_T1_2'=1)&(CTX_G3_T1_3'=1)&(CTX_G3_T1_X'=1)+(1-CTX_23):(sG3_T1'=1),
[]sG3_T1=1->CTX_24:(sG3_T1'=2)&(CTX_G3_T1_4'=1)&(CTX_G3_T1_X'=1)+(1-CTX_24):(sG3_T1'=1),
[]sG3_T1=1->CTX_25:(sG3_T1'=2)&(CTX_G3_T1_1'=1)&(CTX_G3_T1_4'=1)&(CTX_G3_T1_X'=1)+(1-CTX_25):(sG3_T1'=1),
[]sG3_T1=1->CTX_26:(sG3_T1'=2)&(CTX_G3_T1_2'=1)&(CTX_G3_T1_4'=1)&(CTX_G3_T1_X'=1)+(1-CTX_26):(sG3_T1'=1),
[]sG3_T1=1->CTX_27:(sG3_T1'=2)&(CTX_G3_T1_1'=1)&(CTX_G3_T1_2'=1)&(CTX_G3_T1_4'=1)&(CTX_G3_T1_X'=1)+(1-CTX_27):(sG3_T1'=1),
[]sG3_T1=1->CTX_28:(sG3_T1'=2)&(CTX_G3_T1_3'=1)&(CTX_G3_T1_4'=1)&(CTX_G3_T1_X'=1)+(1-CTX_28):(sG3_T1'=1),
[]sG3_T1=1->CTX_29:(sG3_T1'=2)&(CTX_G3_T1_1'=1)&(CTX_G3_T1_3'=1)&(CTX_G3_T1_4'=1)&(CTX_G3_T1_X'=1)+(1-CTX_29):(sG3_T1'=1),
[]sG3_T1=1->CTX_30:(sG3_T1'=2)&(CTX_G3_T1_2'=1)&(CTX_G3_T1_3'=1)&(CTX_G3_T1_4'=1)&(CTX_G3_T1_X'=1)+(1-CTX_30):(sG3_T1'=1),
[]sG3_T1=1->CTX_31:(sG3_T1'=2)&(CTX_G3_T1_1'=1)&(CTX_G3_T1_2'=1)&(CTX_G3_T1_3'=1)&(CTX_G3_T1_4'=1)&(CTX_G3_T1_X'=1)+(1-CTX_31):(sG3_T1'=1),
[]sG3_T1=1->(sG3_T1'=2),
//nouncertaintyholding[next_1]sG3_T1=2->(sG3_T1'=2),
endmoduleconstdoubleR_G3_T1_11,
moduleG3_T1_11_ReadDatasG3_T1_11:[0..4]init0,
[next_1]sG3_T1_11=0->(sG3_T1_11'=1),
//inittorunning[]sG3_T1_11=1->R_G3_T1_11:(sG3_T1_11'=2)+(1-R_G3_T1_11):(sG3_T1_11'=4),
//runningtofinalstate[next_2]sG3_T1_11=2->(sG3_T1_11'=2),
//finalstatesuccess[next_2]sG3_T1_11=3->(sG3_T1_11'=3),
//finalstateskipped[next_2]sG3_T1_11=4->(sG3_T1_11'=4),
//finalstatefailureendmoduleconstdoubleR_G3_T1_12,
moduleG3_T1_12_FilterDatasG3_T1_12:[0..4]init0,
[next_2]sG3_T1_12=0->(sG3_T1_12'=1),
//inittorunning[]sG3_T1_12=1->R_G3_T1_12:(sG3_T1_12'=2)+(1-R_G3_T1_12):(sG3_T1_12'=4),
//runningtofinalstate[next_3]sG3_T1_12=2->(sG3_T1_12'=2),
//finalstatesuccess[next_3]sG3_T1_12=3->(sG3_T1_12'=3),
//finalstateskipped[next_3]sG3_T1_12=4->(sG3_T1_12'=4),
//finalstatefailureendmoduleconstdoubleR_G3_T1_13,
moduleG3_T1_13_TransferDatasG3_T1_13:[0..4]init0,
[next_3]sG3_T1_13=0->(sG3_T1_13'=1),
//inittorunning[]sG3_T1_13=1->R_G3_T1_13:(sG3_T1_13'=2)+(1-R_G3_T1_13):(sG3_T1_13'=4),
//runningtofinalstate[next_4]sG3_T1_13=2->(sG3_T1_13'=2),
//finalstatesuccess[next_4]sG3_T1_13=3->(sG3_T1_13'=3),
//finalstateskipped[next_4]sG3_T1_13=4->(sG3_T1_13'=4),
//finalstatefailureendmoduleconstdoubleR_G3_T1_21,
moduleG3_T1_21_ReadDatasG3_T1_21:[0..4]init0,
[next_1]sG3_T1_21=0->(sG3_T1_21'=1),
//inittorunning[]sG3_T1_21=1->R_G3_T1_21:(sG3_T1_21'=2)+(1-R_G3_T1_21):(sG3_T1_21'=4),
//runningtofinalstate[next_2]sG3_T1_21=2->(sG3_T1_21'=2),
//finalstatesuccess[next_2]sG3_T1_21=3->(sG3_T1_21'=3),
//finalstateskipped[next_2]sG3_T1_21=4->(sG3_T1_21'=4),
//finalstatefailureendmoduleconstdoubleR_G3_T1_22,
moduleG3_T1_22_FilterDatasG3_T1_22:[0..4]init0,
[next_2]sG3_T1_22=0->(sG3_T1_22'=1),
//inittorunning[]sG3_T1_22=1->R_G3_T1_22:(sG3_T1_22'=2)+(1-R_G3_T1_22):(sG3_T1_22'=4),
//runningtofinalstate[next_3]sG3_T1_22=2->(sG3_T1_22'=2),
//finalstatesuccess[next_3]sG3_T1_22=3->(sG3_T1_22'=3),
//finalstateskipped[next_3]sG3_T1_22=4->(sG3_T1_22'=4),
//finalstatefailureendmoduleconstdoubleR_G3_T1_23,
moduleG3_T1_23_TransferDatasG3_T1_23:[0..4]init0,
[next_3]sG3_T1_23=0->(sG3_T1_23'=1),
//inittorunning[]sG3_T1_23=1->R_G3_T1_23:(sG3_T1_23'=2)+(1-R_G3_T1_23):(sG3_T1_23'=4),
//runningtofinalstate[next_4]sG3_T1_23=2->(sG3_T1_23'=2),
//finalstatesuccess[next_4]sG3_T1_23=3->(sG3_T1_23'=3),
//finalstateskipped[next_4]sG3_T1_23=4->(sG3_T1_23'=4),
//finalstatefailureendmoduleconstdoubleR_G3_T1_31,
moduleG3_T1_31_ReadDatasG3_T1_31:[0..4]init0,
[next_1]sG3_T1_31=0->(sG3_T1_31'=1),
//inittorunning[]sG3_T1_31=1->R_G3_T1_31:(sG3_T1_31'=2)+(1-R_G3_T1_31):(sG3_T1_31'=4),
//runningtofinalstate[next_2]sG3_T1_31=2->(sG3_T1_31'=2),
//finalstatesuccess[next_2]sG3_T1_31=3->(sG3_T1_31'=3),
//finalstateskipped[next_2]sG3_T1_31=4->(sG3_T1_31'=4),
//finalstatefailureendmoduleconstdoubleR_G3_T1_32,
moduleG3_T1_32_FilterDatasG3_T1_32:[0..4]init0,
[next_2]sG3_T1_32=0->(sG3_T1_32'=1),
//inittorunning[]sG3_T1_32=1->R_G3_T1_32:(sG3_T1_32'=2)+(1-R_G3_T1_32):(sG3_T1_32'=4),
//runningtofinalstate[next_3]sG3_T1_32=2->(sG3_T1_32'=2),
//finalstatesuccess[next_3]sG3_T1_32=3->(sG3_T1_32'=3),
//finalstateskipped[next_3]sG3_T1_32=4->(sG3_T1_32'=4),
//finalstatefailureendmoduleconstdoubleR_G3_T1_33,
moduleG3_T1_33_TransferDatasG3_T1_33:[0..4]init0,
[next_3]sG3_T1_33=0->(sG3_T1_33'=1),
//inittorunning[]sG3_T1_33=1->R_G3_T1_33:(sG3_T1_33'=2)+(1-R_G3_T1_33):(sG3_T1_33'=4),
//runningtofinalstate[next_4]sG3_T1_33=2->(sG3_T1_33'=2),
//finalstatesuccess[next_4]sG3_T1_33=3->(sG3_T1_33'=3),
//finalstateskipped[next_4]sG3_T1_33=4->(sG3_T1_33'=4),
//finalstatefailureendmoduleconstdoubleR_G3_T1_411,
moduleG3_T1_411_ReadDiastolicsG3_T1_411:[0..4]init0,
[next_1]sG3_T1_411=0->(sG3_T1_411'=1),
//inittorunning[]sG3_T1_411=1->R_G3_T1_411:(sG3_T1_411'=2)+(1-R_G3_T1_411):(sG3_T1_411'=4),
//runningtofinalstate[next_2]sG3_T1_411=2->(sG3_T1_411'=2),
//finalstatesuccess[next_2]sG3_T1_411=3->(sG3_T1_411'=3),
//finalstateskipped[next_2]sG3_T1_411=4->(sG3_T1_411'=4),
//finalstatefailureendmoduleconstdoubleR_G3_T1_412,
moduleG3_T1_412_ReadSystolicsG3_T1_412:[0..4]init0,
[next_2]sG3_T1_412=0->(sG3_T1_412'=1),
//inittorunning[]sG3_T1_412=1->R_G3_T1_412:(sG3_T1_412'=2)+(1-R_G3_T1_412):(sG3_T1_412'=4),
//runningtofinalstate[next_3]sG3_T1_412=2->(sG3_T1_412'=2),
//finalstatesuccess[next_3]sG3_T1_412=3->(sG3_T1_412'=3),
//finalstateskipped[next_3]sG3_T1_412=4->(sG3_T1_412'=4),
//finalstatefailureendmoduleconstdoubleR_G3_T1_42,
moduleG3_T1_42_FilterDatasG3_T1_42:[0..4]init0,
[next_3]sG3_T1_42=0->(sG3_T1_42'=1),
//inittorunning[]sG3_T1_42=1->R_G3_T1_42:(sG3_T1_42'=2)+(1-R_G3_T1_42):(sG3_T1_42'=4),
//runningtofinalstate[next_4]sG3_T1_42=2->(sG3_T1_42'=2),
//finalstatesuccess[next_4]sG3_T1_42=3->(sG3_T1_42'=3),
//finalstateskipped[next_4]sG3_T1_42=4->(sG3_T1_42'=4),
//finalstatefailureendmoduleconstdoubleR_G3_T1_43,
moduleG3_T1_43_TransferDatasG3_T1_43:[0..4]init0,
[next_4]sG3_T1_43=0->(sG3_T1_43'=1),
//inittorunning[]sG3_T1_43=1->R_G3_T1_43:(sG3_T1_43'=2)+(1-R_G3_T1_43):(sG3_T1_43'=4),
//runningtofinalstate[next_5]sG3_T1_43=2->(sG3_T1_43'=2),
//finalstatesuccess[next_5]sG3_T1_43=3->(sG3_T1_43'=3),
//finalstateskipped[next_5]sG3_T1_43=4->(sG3_T1_43'=4),
//finalstatefailureendmoduleconstintOPT_G3_T1_X,
constdoubleR_G3_T1_X,
moduleG3_T1_X_UnknownsG3_T1_X:[0..4]init0,
[next_1]sG3_T1_X=0->OPT_G3_T1_X*CTX_G3_T1_X:(sG3_T1_X'=1)+(1-OPT_G3_T1_X*CTX_G3_T1_X):(sG3_T1_X'=3),
//inittorunningorskip[]sG3_T1_X=1->R_G3_T1_X:(sG3_T1_X'=2)+(1-R_G3_T1_X):(sG3_T1_X'=4),
//runningtofinalstate[next_2]sG3_T1_X=2->(sG3_T1_X'=2),
//finalstatesuccess[next_2]sG3_T1_X=3->(sG3_T1_X'=3),
//finalstateskipped[next_2]sG3_T1_X=4->(sG3_T1_X'=4),
//finalstatefailureendmoduleformulaG3=(((sG3_T1_11=2)&(sG3_T1_12=2)&(sG3_T1_13=2))|((sG3_T1_21=2)&(sG3_T1_22=2)&(sG3_T1_23=2))|((sG3_T1_31=2)&(sG3_T1_32=2)&(sG3_T1_33=2))|(((sG3_T1_411=2)&(sG3_T1_412=2))&(sG3_T1_42=2)&(sG3_T1_43=2))),
constdoubleR_G4_T1_1,
moduleG4_T1_1_FuseSensorsDatasG4_T1_1:[0..4]init0,
[next_5](G3)&sG4_T1_1=0->(sG4_T1_1'=1),
//inittorunning[next_5]!(G3)&sG4_T1_1=0->(sG4_T1_1'=3),
//inittoskip[]sG4_T1_1=1->R_G4_T1_1:(sG4_T1_1'=2)+(1-R_G4_T1_1):(sG4_T1_1'=4),
//runningtofinalstate[next_6]sG4_T1_1=2->(sG4_T1_1'=2),
//finalstatesuccess[next_6]sG4_T1_1=3->(sG4_T1_1'=3),
//finalstateskipped[next_6]sG4_T1_1=4->(sG4_T1_1'=4),
//finalstatefailureendmoduleconstdoubleR_G4_T1_2,
moduleG4_T1_2_DetectPatientStatussG4_T1_2:[0..4]init0,
[next_6](G3)&sG4_T1_2=0->(sG4_T1_2'=1),
//inittorunning[next_6]!(G3)&sG4_T1_2=0->(sG4_T1_2'=3),
//inittoskip[]sG4_T1_2=1->R_G4_T1_2:(sG4_T1_2'=2)+(1-R_G4_T1_2):(sG4_T1_2'=4),
//runningtofinalstate[next_7]sG4_T1_2=2->(sG4_T1_2'=2),
//finalstatesuccess[next_7]sG4_T1_2=3->(sG4_T1_2'=3),
//finalstateskipped[next_7]sG4_T1_2=4->(sG4_T1_2'=4),
//finalstatefailureendmoduleconstdoubleR_G4_T1_3,
moduleG4_T1_3_PersistDatasG4_T1_3:[0..4]init0,
[next_7](G3)&sG4_T1_3=0->(sG4_T1_3'=1),
//inittorunning[next_7]!(G3)&sG4_T1_3=0->(sG4_T1_3'=3),
//inittoskip[]sG4_T1_3=1->R_G4_T1_3:(sG4_T1_3'=2)+(1-R_G4_T1_3):(sG4_T1_3'=4),
//runningtofinalstate[next_8]sG4_T1_3=2->(sG4_T1_3'=2),
//finalstatesuccess[next_8]sG4_T1_3=3->(sG4_T1_3'=3),
//finalstateskipped[next_8]sG4_T1_3=4->(sG4_T1_3'=4),
//finalstatefailureendmoduleformulaG4=((sG4_T1_1=2)&(sG4_T1_2=2)&(sG4_T1_3=2)),
formulaG2=G3&G4,
formulaG1=G2,
label"success"=G1,
constdoubleW_G3_T1_11,
constdoubleW_G3_T1_12,
constdoubleW_G3_T1_13,
constdoubleW_G3_T1_21,
constdoubleW_G3_T1_22,
constdoubleW_G3_T1_23,
constdoubleW_G3_T1_31,
constdoubleW_G3_T1_32,
constdoubleW_G3_T1_33,
constdoubleW_G3_T1_411,
constdoubleW_G3_T1_412,
constdoubleW_G3_T1_42,
constdoubleW_G3_T1_43,
constdoubleW_G3_T1_X,
constdoubleW_G4_T1_1,
constdoubleW_G4_T1_2,
constdoubleW_G4_T1_3,
rewards"cost"sG3_T1_11=1:W_G3_T1_11,
sG3_T1_12=1:W_G3_T1_12,
sG3_T1_13=1:W_G3_T1_13,
sG3_T1_21=1:W_G3_T1_21,
sG3_T1_22=1:W_G3_T1_22,
sG3_T1_23=1:W_G3_T1_23,
sG3_T1_31=1:W_G3_T1_31,
sG3_T1_32=1:W_G3_T1_32,
sG3_T1_33=1:W_G3_T1_33,
sG3_T1_411=1:W_G3_T1_411,
sG3_T1_412=1:W_G3_T1_412,
sG3_T1_42=1:W_G3_T1_42,
sG3_T1_43=1:W_G3_T1_43,
sG3_T1_X=1:W_G3_T1_X,
sG4_T1_1=1:W_G4_T1_1,
sG4_T1_2=1:W_G4_T1_2,
sG4_T1_3=1:W_G4_T1_3,
endrewards,
CostMin.pctl=R{"cost"}min=?[F"success"]}>
	at br.com.unb.PistarModelFactoryApplicationTests.executePistarFactoryGODA(PistarModelFactoryApplicationTests.java:59)
]]></failure>
  </testcase>
</testsuite>