<?xml version="1.0" encoding="UTF-8"?>
<testsuite xmlns:xsi="http://www.w3.org/2001/XMLSchema-instance" xsi:noNamespaceSchemaLocation="https://maven.apache.org/surefire/maven-surefire-plugin/xsd/surefire-test-report.xsd" name="br.com.unb.PistarModelFactoryApplicationTests" time="4.253" tests="2" errors="0" skipped="0" failures="0">
  <properties>
[...]
</properties>
  <testcase name="executePistarFactoryMutrose" classname="br.com.unb.PistarModelFactoryApplicationTests" time="1.699"/>
  <testcase name="executePistarFactoryGODA" classname="br.com.unb.PistarModelFactoryApplicationTests" time="0.267"/>
</testsuite>